		Initializing .... 

Total memory allocated = 5454196
		Begin Printing Seed information

Seed point: 124 157 	Path 0 0 	User path -1 -1 -1

---------------------

Print path: 



[124 157] 

		Begin Printing Seed information

Seed point: 124 157 	Path 0 22 	User path 0 22 0

Seed point: 140 158 	Path 23 23 	User path 39 39 39

---------------------

Print path: 



[124 157] [124 158] [125 159] [126 160] [127 161] [128 162] [129 163] 
[130 163] [131 163] [131 162] [132 162] [132 161] [133 161] [134 161] 
[134 160] [135 160] [136 160] [136 159] [137 159] [138 159] [139 159] 
[139 158] [140 158] [140 158] 

		Begin Printing Seed information

Seed point: 124 157 	Path 0 22 	User path 0 22 0

Seed point: 140 158 	Path 23 44 	User path 22 40 22

Seed point: 155 152 	Path 45 45 	User path 61 61 61

---------------------

Print path: 



[124 157] [124 158] [125 159] [126 160] [127 161] [128 162] [129 163] 
[130 163] [131 163] [131 162] [132 162] [132 161] [133 161] [134 161] 
[134 160] [135 160] [136 160] [136 159] [137 159] [138 159] [139 159] 
[139 158] [140 158] [140 158] [141 158] [141 157] [142 157] [143 157] 
[143 156] [144 156] [145 156] [146 156] [146 155] [147 155] [148 155] 
[148 154] [149 154] [150 154] [151 154] [151 153] [152 153] [153 153] 
[154 153] [155 153] [155 152] [155 152] 

		Begin Printing Seed information

Seed point: 124 157 	Path 0 22 	User path 0 22 0

Seed point: 140 158 	Path 23 44 	User path 22 40 22

Seed point: 155 152 	Path 45 68 	User path 40 64 40

Seed point: 175 149 	Path 69 69 	User path 83 83 83

---------------------

Print path: 



[124 157] [124 158] [125 159] [126 160] [127 161] [128 162] [129 163] 
[130 163] [131 163] [131 162] [132 162] [132 161] [133 161] [134 161] 
[134 160] [135 160] [136 160] [136 159] [137 159] [138 159] [139 159] 
[139 158] [140 158] [140 158] [141 158] [141 157] [142 157] [143 157] 
[143 156] [144 156] [145 156] [146 156] [146 155] [147 155] [148 155] 
[148 154] [149 154] [150 154] [151 154] [151 153] [152 153] [153 153] 
[154 153] [155 153] [155 152] [155 152] [156 152] [157 152] [158 152] 
[159 152] [159 151] [160 151] [161 151] [162 151] [163 151] [164 151] 
[164 150] [165 150] [166 150] [167 150] [168 150] [169 150] [170 150] 
[171 150] [172 150] [173 150] [173 149] [174 149] [175 149] [175 149] 

		Begin Printing Seed information

Seed point: 124 157 	Path 0 22 	User path 0 22 0

Seed point: 140 158 	Path 23 44 	User path 22 40 22

Seed point: 155 152 	Path 45 68 	User path 40 64 40

Seed point: 175 149 	Path 69 90 	User path 64 85 64

Seed point: 195 150 	Path 91 91 	User path 105 105 105

---------------------

Print path: 



[124 157] [124 158] [125 159] [126 160] [127 161] [128 162] [129 163] 
[130 163] [131 163] [131 162] [132 162] [132 161] [133 161] [134 161] 
[134 160] [135 160] [136 160] [136 159] [137 159] [138 159] [139 159] 
[139 158] [140 158] [140 158] [141 158] [141 157] [142 157] [143 157] 
[143 156] [144 156] [145 156] [146 156] [146 155] [147 155] [148 155] 
[148 154] [149 154] [150 154] [151 154] [151 153] [152 153] [153 153] 
[154 153] [155 153] [155 152] [155 152] [156 152] [157 152] [158 152] 
[159 152] [159 151] [160 151] [161 151] [162 151] [163 151] [164 151] 
[164 150] [165 150] [166 150] [167 150] [168 150] [169 150] [170 150] 
[171 150] [172 150] [173 150] [173 149] [174 149] [175 149] [175 149] 
[176 149] [177 149] [178 149] [179 149] [180 149] [181 149] [182 149] 
[183 149] [184 149] [185 149] [186 149] [187 149] [188 149] [189 149] 
[189 150] [190 150] [191 150] [192 150] [193 150] [194 150] [195 150] 
[195 150] 

		Begin Printing Seed information

Seed point: 124 157 	Path 0 22 	User path 0 22 0

Seed point: 140 158 	Path 23 44 	User path 22 40 22

Seed point: 155 152 	Path 45 68 	User path 40 64 40

Seed point: 175 149 	Path 69 90 	User path 64 85 64

Seed point: 195 150 	Path 91 115 	User path 85 110 85

Seed point: 214 155 	Path 116 116 	User path 127 127 127

---------------------

Print path: 



[124 157] [124 158] [125 159] [126 160] [127 161] [128 162] [129 163] 
[130 163] [131 163] [131 162] [132 162] [132 161] [133 161] [134 161] 
[134 160] [135 160] [136 160] [136 159] [137 159] [138 159] [139 159] 
[139 158] [140 158] [140 158] [141 158] [141 157] [142 157] [143 157] 
[143 156] [144 156] [145 156] [146 156] [146 155] [147 155] [148 155] 
[148 154] [149 154] [150 154] [151 154] [151 153] [152 153] [153 153] 
[154 153] [155 153] [155 152] [155 152] [156 152] [157 152] [158 152] 
[159 152] [159 151] [160 151] [161 151] [162 151] [163 151] [164 151] 
[164 150] [165 150] [166 150] [167 150] [168 150] [169 150] [170 150] 
[171 150] [172 150] [173 150] [173 149] [174 149] [175 149] [175 149] 
[176 149] [177 149] [178 149] [179 149] [180 149] [181 149] [182 149] 
[183 149] [184 149] [185 149] [186 149] [187 149] [188 149] [189 149] 
[189 150] [190 150] [191 150] [192 150] [193 150] [194 150] [195 150] 
[195 150] [195 151] [196 151] [197 151] [198 151] [199 151] [200 151] 
[200 152] [201 152] [202 152] [203 152] [204 152] [204 153] [205 153] 
[206 153] [207 153] [207 154] [208 154] [209 154] [210 154] [210 155] 
[211 155] [212 155] [213 155] [214 155] [214 155] 

		Begin Printing Seed information

Seed point: 124 157 	Path 0 22 	User path 0 22 0

Seed point: 140 158 	Path 23 44 	User path 22 40 22

Seed point: 155 152 	Path 45 68 	User path 40 64 40

Seed point: 175 149 	Path 69 90 	User path 64 85 64

Seed point: 195 150 	Path 91 115 	User path 85 110 85

Seed point: 214 155 	Path 116 137 	User path 110 126 110

Seed point: 228 162 	Path 138 138 	User path 151 151 151

---------------------

Print path: 



[124 157] [124 158] [125 159] [126 160] [127 161] [128 162] [129 163] 
[130 163] [131 163] [131 162] [132 162] [132 161] [133 161] [134 161] 
[134 160] [135 160] [136 160] [136 159] [137 159] [138 159] [139 159] 
[139 158] [140 158] [140 158] [141 158] [141 157] [142 157] [143 157] 
[143 156] [144 156] [145 156] [146 156] [146 155] [147 155] [148 155] 
[148 154] [149 154] [150 154] [151 154] [151 153] [152 153] [153 153] 
[154 153] [155 153] [155 152] [155 152] [156 152] [157 152] [158 152] 
[159 152] [159 151] [160 151] [161 151] [162 151] [163 151] [164 151] 
[164 150] [165 150] [166 150] [167 150] [168 150] [169 150] [170 150] 
[171 150] [172 150] [173 150] [173 149] [174 149] [175 149] [175 149] 
[176 149] [177 149] [178 149] [179 149] [180 149] [181 149] [182 149] 
[183 149] [184 149] [185 149] [186 149] [187 149] [188 149] [189 149] 
[189 150] [190 150] [191 150] [192 150] [193 150] [194 150] [195 150] 
[195 150] [195 151] [196 151] [197 151] [198 151] [199 151] [200 151] 
[200 152] [201 152] [202 152] [203 152] [204 152] [204 153] [205 153] 
[206 153] [207 153] [207 154] [208 154] [209 154] [210 154] [210 155] 
[211 155] [212 155] [213 155] [214 155] [214 155] [214 156] [215 156] 
[216 156] [216 157] [217 157] [218 157] [219 157] [219 158] [220 158] 
[221 158] [221 159] [222 159] [223 159] [223 160] [224 160] [225 160] 
[225 161] [226 161] [227 161] [227 162] [228 162] [228 162] 

		Begin Printing Seed information

Seed point: 124 157 	Path 0 22 	User path 0 22 0

Seed point: 140 158 	Path 23 44 	User path 22 40 22

Seed point: 155 152 	Path 45 68 	User path 40 64 40

Seed point: 175 149 	Path 69 90 	User path 64 85 64

Seed point: 195 150 	Path 91 115 	User path 85 110 85

Seed point: 214 155 	Path 116 137 	User path 110 126 110

Seed point: 228 162 	Path 138 169 	User path 126 158 126

Seed point: 246 175 	Path 170 170 	User path 173 173 173

---------------------

Print path: 



[124 157] [124 158] [125 159] [126 160] [127 161] [128 162] [129 163] 
[130 163] [131 163] [131 162] [132 162] [132 161] [133 161] [134 161] 
[134 160] [135 160] [136 160] [136 159] [137 159] [138 159] [139 159] 
[139 158] [140 158] [140 158] [141 158] [141 157] [142 157] [143 157] 
[143 156] [144 156] [145 156] [146 156] [146 155] [147 155] [148 155] 
[148 154] [149 154] [150 154] [151 154] [151 153] [152 153] [153 153] 
[154 153] [155 153] [155 152] [155 152] [156 152] [157 152] [158 152] 
[159 152] [159 151] [160 151] [161 151] [162 151] [163 151] [164 151] 
[164 150] [165 150] [166 150] [167 150] [168 150] [169 150] [170 150] 
[171 150] [172 150] [173 150] [173 149] [174 149] [175 149] [175 149] 
[176 149] [177 149] [178 149] [179 149] [180 149] [181 149] [182 149] 
[183 149] [184 149] [185 149] [186 149] [187 149] [188 149] [189 149] 
[189 150] [190 150] [191 150] [192 150] [193 150] [194 150] [195 150] 
[195 150] [195 151] [196 151] [197 151] [198 151] [199 151] [200 151] 
[200 152] [201 152] [202 152] [203 152] [204 152] [204 153] [205 153] 
[206 153] [207 153] [207 154] [208 154] [209 154] [210 154] [210 155] 
[211 155] [212 155] [213 155] [214 155] [214 155] [214 156] [215 156] 
[216 156] [216 157] [217 157] [218 157] [219 157] [219 158] [220 158] 
[221 158] [221 159] [222 159] [223 159] [223 160] [224 160] [225 160] 
[225 161] [226 161] [227 161] [227 162] [228 162] [228 162] [228 163] 
[229 163] [230 163] [230 164] [231 164] [231 165] [232 165] [233 165] 
[233 166] [234 166] [234 167] [235 167] [236 167] [236 168] [237 168] 
[237 169] [238 169] [238 170] [239 170] [240 170] [240 171] [241 171] 
[241 172] [242 172] [242 173] [243 173] [243 174] [244 174] [244 175] 
[245 175] [246 175] [246 175] 

		Begin Printing Seed information

Seed point: 124 157 	Path 0 22 	User path 0 22 0

Seed point: 140 158 	Path 23 44 	User path 22 40 22

Seed point: 155 152 	Path 45 68 	User path 40 64 40

Seed point: 175 149 	Path 69 90 	User path 64 85 64

Seed point: 195 150 	Path 91 115 	User path 85 110 85

Seed point: 214 155 	Path 116 137 	User path 110 126 110

Seed point: 228 162 	Path 138 169 	User path 126 158 126

Seed point: 246 175 	Path 170 196 	User path 158 179 158

Seed point: 258 189 	Path 197 197 	User path 195 195 195

---------------------

Print path: 



[124 157] [124 158] [125 159] [126 160] [127 161] [128 162] [129 163] 
[130 163] [131 163] [131 162] [132 162] [132 161] [133 161] [134 161] 
[134 160] [135 160] [136 160] [136 159] [137 159] [138 159] [139 159] 
[139 158] [140 158] [140 158] [141 158] [141 157] [142 157] [143 157] 
[143 156] [144 156] [145 156] [146 156] [146 155] [147 155] [148 155] 
[148 154] [149 154] [150 154] [151 154] [151 153] [152 153] [153 153] 
[154 153] [155 153] [155 152] [155 152] [156 152] [157 152] [158 152] 
[159 152] [159 151] [160 151] [161 151] [162 151] [163 151] [164 151] 
[164 150] [165 150] [166 150] [167 150] [168 150] [169 150] [170 150] 
[171 150] [172 150] [173 150] [173 149] [174 149] [175 149] [175 149] 
[176 149] [177 149] [178 149] [179 149] [180 149] [181 149] [182 149] 
[183 149] [184 149] [185 149] [186 149] [187 149] [188 149] [189 149] 
[189 150] [190 150] [191 150] [192 150] [193 150] [194 150] [195 150] 
[195 150] [195 151] [196 151] [197 151] [198 151] [199 151] [200 151] 
[200 152] [201 152] [202 152] [203 152] [204 152] [204 153] [205 153] 
[206 153] [207 153] [207 154] [208 154] [209 154] [210 154] [210 155] 
[211 155] [212 155] [213 155] [214 155] [214 155] [214 156] [215 156] 
[216 156] [216 157] [217 157] [218 157] [219 157] [219 158] [220 158] 
[221 158] [221 159] [222 159] [223 159] [223 160] [224 160] [225 160] 
[225 161] [226 161] [227 161] [227 162] [228 162] [228 162] [228 163] 
[229 163] [230 163] [230 164] [231 164] [231 165] [232 165] [233 165] 
[233 166] [234 166] [234 167] [235 167] [236 167] [236 168] [237 168] 
[237 169] [238 169] [238 170] [239 170] [240 170] [240 171] [241 171] 
[241 172] [242 172] [242 173] [243 173] [243 174] [244 174] [244 175] 
[245 175] [246 175] [246 175] [246 176] [247 176] [247 177] [247 178] 
[248 178] [248 179] [249 179] [249 180] [250 180] [250 181] [251 181] 
[251 182] [252 182] [252 183] [253 183] [253 184] [253 185] [254 185] 
[254 186] [255 186] [255 187] [256 187] [256 188] [257 188] [257 189] 
[258 189] [258 189] 

		Begin Printing Seed information

Seed point: 124 157 	Path 0 22 	User path 0 22 0

Seed point: 140 158 	Path 23 44 	User path 22 40 22

Seed point: 155 152 	Path 45 68 	User path 40 64 40

Seed point: 175 149 	Path 69 90 	User path 64 85 64

Seed point: 195 150 	Path 91 115 	User path 85 110 85

Seed point: 214 155 	Path 116 137 	User path 110 126 110

Seed point: 228 162 	Path 138 169 	User path 126 158 126

Seed point: 246 175 	Path 170 196 	User path 158 179 158

Seed point: 258 189 	Path 197 221 	User path 179 207 179

Seed point: 266 205 	Path 222 222 	User path 220 220 220

---------------------

Print path: 



[124 157] [124 158] [125 159] [126 160] [127 161] [128 162] [129 163] 
[130 163] [131 163] [131 162] [132 162] [132 161] [133 161] [134 161] 
[134 160] [135 160] [136 160] [136 159] [137 159] [138 159] [139 159] 
[139 158] [140 158] [140 158] [141 158] [141 157] [142 157] [143 157] 
[143 156] [144 156] [145 156] [146 156] [146 155] [147 155] [148 155] 
[148 154] [149 154] [150 154] [151 154] [151 153] [152 153] [153 153] 
[154 153] [155 153] [155 152] [155 152] [156 152] [157 152] [158 152] 
[159 152] [159 151] [160 151] [161 151] [162 151] [163 151] [164 151] 
[164 150] [165 150] [166 150] [167 150] [168 150] [169 150] [170 150] 
[171 150] [172 150] [173 150] [173 149] [174 149] [175 149] [175 149] 
[176 149] [177 149] [178 149] [179 149] [180 149] [181 149] [182 149] 
[183 149] [184 149] [185 149] [186 149] [187 149] [188 149] [189 149] 
[189 150] [190 150] [191 150] [192 150] [193 150] [194 150] [195 150] 
[195 150] [195 151] [196 151] [197 151] [198 151] [199 151] [200 151] 
[200 152] [201 152] [202 152] [203 152] [204 152] [204 153] [205 153] 
[206 153] [207 153] [207 154] [208 154] [209 154] [210 154] [210 155] 
[211 155] [212 155] [213 155] [214 155] [214 155] [214 156] [215 156] 
[216 156] [216 157] [217 157] [218 157] [219 157] [219 158] [220 158] 
[221 158] [221 159] [222 159] [223 159] [223 160] [224 160] [225 160] 
[225 161] [226 161] [227 161] [227 162] [228 162] [228 162] [228 163] 
[229 163] [230 163] [230 164] [231 164] [231 165] [232 165] [233 165] 
[233 166] [234 166] [234 167] [235 167] [236 167] [236 168] [237 168] 
[237 169] [238 169] [238 170] [239 170] [240 170] [240 171] [241 171] 
[241 172] [242 172] [242 173] [243 173] [243 174] [244 174] [244 175] 
[245 175] [246 175] [246 175] [246 176] [247 176] [247 177] [247 178] 
[248 178] [248 179] [249 179] [249 180] [250 180] [250 181] [251 181] 
[251 182] [252 182] [252 183] [253 183] [253 184] [253 185] [254 185] 
[254 186] [255 186] [255 187] [256 187] [256 188] [257 188] [257 189] 
[258 189] [258 189] [258 190] [258 191] [259 191] [259 192] [260 192] 
[260 193] [261 193] [261 194] [261 195] [262 195] [262 196] [262 197] 
[263 197] [263 198] [263 199] [263 200] [264 200] [264 201] [264 202] 
[265 202] [265 203] [265 204] [266 204] [266 205] [266 205] 

		Begin Printing Seed information

Seed point: 124 157 	Path 0 22 	User path 0 22 0

Seed point: 140 158 	Path 23 44 	User path 22 40 22

Seed point: 155 152 	Path 45 68 	User path 40 64 40

Seed point: 175 149 	Path 69 90 	User path 64 85 64

Seed point: 195 150 	Path 91 115 	User path 85 110 85

Seed point: 214 155 	Path 116 137 	User path 110 126 110

Seed point: 228 162 	Path 138 169 	User path 126 158 126

Seed point: 246 175 	Path 170 196 	User path 158 179 158

Seed point: 258 189 	Path 197 221 	User path 179 207 179

Seed point: 266 205 	Path 222 242 	User path 207 214 207

Seed point: 272 219 	Path 243 243 	User path 243 243 243

---------------------

Print path: 



[124 157] [124 158] [125 159] [126 160] [127 161] [128 162] [129 163] 
[130 163] [131 163] [131 162] [132 162] [132 161] [133 161] [134 161] 
[134 160] [135 160] [136 160] [136 159] [137 159] [138 159] [139 159] 
[139 158] [140 158] [140 158] [141 158] [141 157] [142 157] [143 157] 
[143 156] [144 156] [145 156] [146 156] [146 155] [147 155] [148 155] 
[148 154] [149 154] [150 154] [151 154] [151 153] [152 153] [153 153] 
[154 153] [155 153] [155 152] [155 152] [156 152] [157 152] [158 152] 
[159 152] [159 151] [160 151] [161 151] [162 151] [163 151] [164 151] 
[164 150] [165 150] [166 150] [167 150] [168 150] [169 150] [170 150] 
[171 150] [172 150] [173 150] [173 149] [174 149] [175 149] [175 149] 
[176 149] [177 149] [178 149] [179 149] [180 149] [181 149] [182 149] 
[183 149] [184 149] [185 149] [186 149] [187 149] [188 149] [189 149] 
[189 150] [190 150] [191 150] [192 150] [193 150] [194 150] [195 150] 
[195 150] [195 151] [196 151] [197 151] [198 151] [199 151] [200 151] 
[200 152] [201 152] [202 152] [203 152] [204 152] [204 153] [205 153] 
[206 153] [207 153] [207 154] [208 154] [209 154] [210 154] [210 155] 
[211 155] [212 155] [213 155] [214 155] [214 155] [214 156] [215 156] 
[216 156] [216 157] [217 157] [218 157] [219 157] [219 158] [220 158] 
[221 158] [221 159] [222 159] [223 159] [223 160] [224 160] [225 160] 
[225 161] [226 161] [227 161] [227 162] [228 162] [228 162] [228 163] 
[229 163] [230 163] [230 164] [231 164] [231 165] [232 165] [233 165] 
[233 166] [234 166] [234 167] [235 167] [236 167] [236 168] [237 168] 
[237 169] [238 169] [238 170] [239 170] [240 170] [240 171] [241 171] 
[241 172] [242 172] [242 173] [243 173] [243 174] [244 174] [244 175] 
[245 175] [246 175] [246 175] [246 176] [247 176] [247 177] [247 178] 
[248 178] [248 179] [249 179] [249 180] [250 180] [250 181] [251 181] 
[251 182] [252 182] [252 183] [253 183] [253 184] [253 185] [254 185] 
[254 186] [255 186] [255 187] [256 187] [256 188] [257 188] [257 189] 
[258 189] [258 189] [258 190] [258 191] [259 191] [259 192] [260 192] 
[260 193] [261 193] [261 194] [261 195] [262 195] [262 196] [262 197] 
[263 197] [263 198] [263 199] [263 200] [264 200] [264 201] [264 202] 
[265 202] [265 203] [265 204] [266 204] [266 205] [266 205] [266 206] 
[267 206] [267 207] [267 208] [268 208] [268 209] [268 210] [268 211] 
[269 211] [269 212] [269 213] [269 214] [270 214] [270 215] [270 216] 
[271 216] [271 217] [271 218] [271 219] [272 219] [272 219] 

		Begin Printing Seed information

Seed point: 124 157 	Path 0 22 	User path 0 22 0

Seed point: 140 158 	Path 23 44 	User path 22 40 22

Seed point: 155 152 	Path 45 68 	User path 40 64 40

Seed point: 175 149 	Path 69 90 	User path 64 85 64

Seed point: 195 150 	Path 91 115 	User path 85 110 85

Seed point: 214 155 	Path 116 137 	User path 110 126 110

Seed point: 228 162 	Path 138 169 	User path 126 158 126

Seed point: 246 175 	Path 170 196 	User path 158 179 158

Seed point: 258 189 	Path 197 221 	User path 179 207 179

Seed point: 266 205 	Path 222 242 	User path 207 214 207

Seed point: 272 219 	Path 243 266 	User path 214 247 214

Seed point: 286 239 	Path 267 267 	User path 270 270 270

---------------------

Print path: 



[124 157] [124 158] [125 159] [126 160] [127 161] [128 162] [129 163] 
[130 163] [131 163] [131 162] [132 162] [132 161] [133 161] [134 161] 
[134 160] [135 160] [136 160] [136 159] [137 159] [138 159] [139 159] 
[139 158] [140 158] [140 158] [141 158] [141 157] [142 157] [143 157] 
[143 156] [144 156] [145 156] [146 156] [146 155] [147 155] [148 155] 
[148 154] [149 154] [150 154] [151 154] [151 153] [152 153] [153 153] 
[154 153] [155 153] [155 152] [155 152] [156 152] [157 152] [158 152] 
[159 152] [159 151] [160 151] [161 151] [162 151] [163 151] [164 151] 
[164 150] [165 150] [166 150] [167 150] [168 150] [169 150] [170 150] 
[171 150] [172 150] [173 150] [173 149] [174 149] [175 149] [175 149] 
[176 149] [177 149] [178 149] [179 149] [180 149] [181 149] [182 149] 
[183 149] [184 149] [185 149] [186 149] [187 149] [188 149] [189 149] 
[189 150] [190 150] [191 150] [192 150] [193 150] [194 150] [195 150] 
[195 150] [195 151] [196 151] [197 151] [198 151] [199 151] [200 151] 
[200 152] [201 152] [202 152] [203 152] [204 152] [204 153] [205 153] 
[206 153] [207 153] [207 154] [208 154] [209 154] [210 154] [210 155] 
[211 155] [212 155] [213 155] [214 155] [214 155] [214 156] [215 156] 
[216 156] [216 157] [217 157] [218 157] [219 157] [219 158] [220 158] 
[221 158] [221 159] [222 159] [223 159] [223 160] [224 160] [225 160] 
[225 161] [226 161] [227 161] [227 162] [228 162] [228 162] [228 163] 
[229 163] [230 163] [230 164] [231 164] [231 165] [232 165] [233 165] 
[233 166] [234 166] [234 167] [235 167] [236 167] [236 168] [237 168] 
[237 169] [238 169] [238 170] [239 170] [240 170] [240 171] [241 171] 
[241 172] [242 172] [242 173] [243 173] [243 174] [244 174] [244 175] 
[245 175] [246 175] [246 175] [246 176] [247 176] [247 177] [247 178] 
[248 178] [248 179] [249 179] [249 180] [250 180] [250 181] [251 181] 
[251 182] [252 182] [252 183] [253 183] [253 184] [253 185] [254 185] 
[254 186] [255 186] [255 187] [256 187] [256 188] [257 188] [257 189] 
[258 189] [258 189] [258 190] [258 191] [259 191] [259 192] [260 192] 
[260 193] [261 193] [261 194] [261 195] [262 195] [262 196] [262 197] 
[263 197] [263 198] [263 199] [263 200] [264 200] [264 201] [264 202] 
[265 202] [265 203] [265 204] [266 204] [266 205] [266 205] [266 206] 
[267 206] [267 207] [267 208] [268 208] [268 209] [268 210] [268 211] 
[269 211] [269 212] [269 213] [269 214] [270 214] [270 215] [270 216] 
[271 216] [271 217] [271 218] [271 219] [272 219] [272 219] [272 220] 
[272 221] [272 222] [273 222] [273 223] [273 224] [273 225] [274 225] 
[274 226] [274 227] [274 228] [275 228] [276 229] [277 230] [278 231] 
[279 232] [280 233] [281 234] [282 235] [283 236] [284 237] [285 238] 
[286 239] [286 239] 

		Begin Printing Seed information

Seed point: 124 157 	Path 0 22 	User path 0 22 0

Seed point: 140 158 	Path 23 44 	User path 22 40 22

Seed point: 155 152 	Path 45 68 	User path 40 64 40

Seed point: 175 149 	Path 69 90 	User path 64 85 64

Seed point: 195 150 	Path 91 115 	User path 85 110 85

Seed point: 214 155 	Path 116 137 	User path 110 126 110

Seed point: 228 162 	Path 138 169 	User path 126 158 126

Seed point: 246 175 	Path 170 196 	User path 158 179 158

Seed point: 258 189 	Path 197 221 	User path 179 207 179

Seed point: 266 205 	Path 222 242 	User path 207 214 207

Seed point: 272 219 	Path 243 266 	User path 214 247 214

Seed point: 286 239 	Path 267 300 	User path 247 287 247

Seed point: 273 270 	Path 301 301 	User path 308 308 308

---------------------

Print path: 



[124 157] [124 158] [125 159] [126 160] [127 161] [128 162] [129 163] 
[130 163] [131 163] [131 162] [132 162] [132 161] [133 161] [134 161] 
[134 160] [135 160] [136 160] [136 159] [137 159] [138 159] [139 159] 
[139 158] [140 158] [140 158] [141 158] [141 157] [142 157] [143 157] 
[143 156] [144 156] [145 156] [146 156] [146 155] [147 155] [148 155] 
[148 154] [149 154] [150 154] [151 154] [151 153] [152 153] [153 153] 
[154 153] [155 153] [155 152] [155 152] [156 152] [157 152] [158 152] 
[159 152] [159 151] [160 151] [161 151] [162 151] [163 151] [164 151] 
[164 150] [165 150] [166 150] [167 150] [168 150] [169 150] [170 150] 
[171 150] [172 150] [173 150] [173 149] [174 149] [175 149] [175 149] 
[176 149] [177 149] [178 149] [179 149] [180 149] [181 149] [182 149] 
[183 149] [184 149] [185 149] [186 149] [187 149] [188 149] [189 149] 
[189 150] [190 150] [191 150] [192 150] [193 150] [194 150] [195 150] 
[195 150] [195 151] [196 151] [197 151] [198 151] [199 151] [200 151] 
[200 152] [201 152] [202 152] [203 152] [204 152] [204 153] [205 153] 
[206 153] [207 153] [207 154] [208 154] [209 154] [210 154] [210 155] 
[211 155] [212 155] [213 155] [214 155] [214 155] [214 156] [215 156] 
[216 156] [216 157] [217 157] [218 157] [219 157] [219 158] [220 158] 
[221 158] [221 159] [222 159] [223 159] [223 160] [224 160] [225 160] 
[225 161] [226 161] [227 161] [227 162] [228 162] [228 162] [228 163] 
[229 163] [230 163] [230 164] [231 164] [231 165] [232 165] [233 165] 
[233 166] [234 166] [234 167] [235 167] [236 167] [236 168] [237 168] 
[237 169] [238 169] [238 170] [239 170] [240 170] [240 171] [241 171] 
[241 172] [242 172] [242 173] [243 173] [243 174] [244 174] [244 175] 
[245 175] [246 175] [246 175] [246 176] [247 176] [247 177] [247 178] 
[248 178] [248 179] [249 179] [249 180] [250 180] [250 181] [251 181] 
[251 182] [252 182] [252 183] [253 183] [253 184] [253 185] [254 185] 
[254 186] [255 186] [255 187] [256 187] [256 188] [257 188] [257 189] 
[258 189] [258 189] [258 190] [258 191] [259 191] [259 192] [260 192] 
[260 193] [261 193] [261 194] [261 195] [262 195] [262 196] [262 197] 
[263 197] [263 198] [263 199] [263 200] [264 200] [264 201] [264 202] 
[265 202] [265 203] [265 204] [266 204] [266 205] [266 205] [266 206] 
[267 206] [267 207] [267 208] [268 208] [268 209] [268 210] [268 211] 
[269 211] [269 212] [269 213] [269 214] [270 214] [270 215] [270 216] 
[271 216] [271 217] [271 218] [271 219] [272 219] [272 219] [272 220] 
[272 221] [272 222] [273 222] [273 223] [273 224] [273 225] [274 225] 
[274 226] [274 227] [274 228] [275 228] [276 229] [277 230] [278 231] 
[279 232] [280 233] [281 234] [282 235] [283 236] [284 237] [285 238] 
[286 239] [286 239] [286 240] [286 241] [286 242] [286 243] [286 244] 
[286 245] [286 246] [286 247] [286 248] [286 249] [286 250] [285 251] 
[284 252] [283 253] [282 254] [281 255] [280 256] [279 257] [278 258] 
[277 259] [276 260] [275 261] [274 261] [274 262] [274 263] [274 264] 
[274 265] [274 266] [274 267] [274 268] [273 268] [273 269] [273 270] 
[273 270] 

		Begin Printing Seed information

Seed point: 124 157 	Path 0 22 	User path 0 22 0

Seed point: 140 158 	Path 23 44 	User path 22 40 22

Seed point: 155 152 	Path 45 68 	User path 40 64 40

Seed point: 175 149 	Path 69 90 	User path 64 85 64

Seed point: 195 150 	Path 91 115 	User path 85 110 85

Seed point: 214 155 	Path 116 137 	User path 110 126 110

Seed point: 228 162 	Path 138 169 	User path 126 158 126

Seed point: 246 175 	Path 170 196 	User path 158 179 158

Seed point: 258 189 	Path 197 221 	User path 179 207 179

Seed point: 266 205 	Path 222 242 	User path 207 214 207

Seed point: 272 219 	Path 243 266 	User path 214 247 214

Seed point: 286 239 	Path 267 300 	User path 247 287 247

Seed point: 273 270 	Path 301 327 	User path 287 310 287

Seed point: 265 288 	Path 328 328 	User path 330 330 330

---------------------

Print path: 



[124 157] [124 158] [125 159] [126 160] [127 161] [128 162] [129 163] 
[130 163] [131 163] [131 162] [132 162] [132 161] [133 161] [134 161] 
[134 160] [135 160] [136 160] [136 159] [137 159] [138 159] [139 159] 
[139 158] [140 158] [140 158] [141 158] [141 157] [142 157] [143 157] 
[143 156] [144 156] [145 156] [146 156] [146 155] [147 155] [148 155] 
[148 154] [149 154] [150 154] [151 154] [151 153] [152 153] [153 153] 
[154 153] [155 153] [155 152] [155 152] [156 152] [157 152] [158 152] 
[159 152] [159 151] [160 151] [161 151] [162 151] [163 151] [164 151] 
[164 150] [165 150] [166 150] [167 150] [168 150] [169 150] [170 150] 
[171 150] [172 150] [173 150] [173 149] [174 149] [175 149] [175 149] 
[176 149] [177 149] [178 149] [179 149] [180 149] [181 149] [182 149] 
[183 149] [184 149] [185 149] [186 149] [187 149] [188 149] [189 149] 
[189 150] [190 150] [191 150] [192 150] [193 150] [194 150] [195 150] 
[195 150] [195 151] [196 151] [197 151] [198 151] [199 151] [200 151] 
[200 152] [201 152] [202 152] [203 152] [204 152] [204 153] [205 153] 
[206 153] [207 153] [207 154] [208 154] [209 154] [210 154] [210 155] 
[211 155] [212 155] [213 155] [214 155] [214 155] [214 156] [215 156] 
[216 156] [216 157] [217 157] [218 157] [219 157] [219 158] [220 158] 
[221 158] [221 159] [222 159] [223 159] [223 160] [224 160] [225 160] 
[225 161] [226 161] [227 161] [227 162] [228 162] [228 162] [228 163] 
[229 163] [230 163] [230 164] [231 164] [231 165] [232 165] [233 165] 
[233 166] [234 166] [234 167] [235 167] [236 167] [236 168] [237 168] 
[237 169] [238 169] [238 170] [239 170] [240 170] [240 171] [241 171] 
[241 172] [242 172] [242 173] [243 173] [243 174] [244 174] [244 175] 
[245 175] [246 175] [246 175] [246 176] [247 176] [247 177] [247 178] 
[248 178] [248 179] [249 179] [249 180] [250 180] [250 181] [251 181] 
[251 182] [252 182] [252 183] [253 183] [253 184] [253 185] [254 185] 
[254 186] [255 186] [255 187] [256 187] [256 188] [257 188] [257 189] 
[258 189] [258 189] [258 190] [258 191] [259 191] [259 192] [260 192] 
[260 193] [261 193] [261 194] [261 195] [262 195] [262 196] [262 197] 
[263 197] [263 198] [263 199] [263 200] [264 200] [264 201] [264 202] 
[265 202] [265 203] [265 204] [266 204] [266 205] [266 205] [266 206] 
[267 206] [267 207] [267 208] [268 208] [268 209] [268 210] [268 211] 
[269 211] [269 212] [269 213] [269 214] [270 214] [270 215] [270 216] 
[271 216] [271 217] [271 218] [271 219] [272 219] [272 219] [272 220] 
[272 221] [272 222] [273 222] [273 223] [273 224] [273 225] [274 225] 
[274 226] [274 227] [274 228] [275 228] [276 229] [277 230] [278 231] 
[279 232] [280 233] [281 234] [282 235] [283 236] [284 237] [285 238] 
[286 239] [286 239] [286 240] [286 241] [286 242] [286 243] [286 244] 
[286 245] [286 246] [286 247] [286 248] [286 249] [286 250] [285 251] 
[284 252] [283 253] [282 254] [281 255] [280 256] [279 257] [278 258] 
[277 259] [276 260] [275 261] [274 261] [274 262] [274 263] [274 264] 
[274 265] [274 266] [274 267] [274 268] [273 268] [273 269] [273 270] 
[273 270] [273 271] [272 271] [272 272] [272 273] [271 273] [271 274] 
[271 275] [271 276] [270 276] [270 277] [269 277] [269 278] [269 279] 
[268 279] [268 280] [268 281] [268 282] [267 282] [267 283] [267 284] 
[266 284] [266 285] [266 286] [265 286] [265 287] [265 288] [265 288] 

		Begin Printing Seed information

Seed point: 124 157 	Path 0 22 	User path 0 22 0

Seed point: 140 158 	Path 23 44 	User path 22 40 22

Seed point: 155 152 	Path 45 68 	User path 40 64 40

Seed point: 175 149 	Path 69 90 	User path 64 85 64

Seed point: 195 150 	Path 91 115 	User path 85 110 85

Seed point: 214 155 	Path 116 137 	User path 110 126 110

Seed point: 228 162 	Path 138 169 	User path 126 158 126

Seed point: 246 175 	Path 170 196 	User path 158 179 158

Seed point: 258 189 	Path 197 221 	User path 179 207 179

Seed point: 266 205 	Path 222 242 	User path 207 214 207

Seed point: 272 219 	Path 243 266 	User path 214 247 214

Seed point: 286 239 	Path 267 300 	User path 247 287 247

Seed point: 273 270 	Path 301 327 	User path 287 310 287

Seed point: 265 288 	Path 328 350 	User path 310 332 310

Seed point: 257 302 	Path 351 351 	User path 352 352 352

---------------------

Print path: 



[124 157] [124 158] [125 159] [126 160] [127 161] [128 162] [129 163] 
[130 163] [131 163] [131 162] [132 162] [132 161] [133 161] [134 161] 
[134 160] [135 160] [136 160] [136 159] [137 159] [138 159] [139 159] 
[139 158] [140 158] [140 158] [141 158] [141 157] [142 157] [143 157] 
[143 156] [144 156] [145 156] [146 156] [146 155] [147 155] [148 155] 
[148 154] [149 154] [150 154] [151 154] [151 153] [152 153] [153 153] 
[154 153] [155 153] [155 152] [155 152] [156 152] [157 152] [158 152] 
[159 152] [159 151] [160 151] [161 151] [162 151] [163 151] [164 151] 
[164 150] [165 150] [166 150] [167 150] [168 150] [169 150] [170 150] 
[171 150] [172 150] [173 150] [173 149] [174 149] [175 149] [175 149] 
[176 149] [177 149] [178 149] [179 149] [180 149] [181 149] [182 149] 
[183 149] [184 149] [185 149] [186 149] [187 149] [188 149] [189 149] 
[189 150] [190 150] [191 150] [192 150] [193 150] [194 150] [195 150] 
[195 150] [195 151] [196 151] [197 151] [198 151] [199 151] [200 151] 
[200 152] [201 152] [202 152] [203 152] [204 152] [204 153] [205 153] 
[206 153] [207 153] [207 154] [208 154] [209 154] [210 154] [210 155] 
[211 155] [212 155] [213 155] [214 155] [214 155] [214 156] [215 156] 
[216 156] [216 157] [217 157] [218 157] [219 157] [219 158] [220 158] 
[221 158] [221 159] [222 159] [223 159] [223 160] [224 160] [225 160] 
[225 161] [226 161] [227 161] [227 162] [228 162] [228 162] [228 163] 
[229 163] [230 163] [230 164] [231 164] [231 165] [232 165] [233 165] 
[233 166] [234 166] [234 167] [235 167] [236 167] [236 168] [237 168] 
[237 169] [238 169] [238 170] [239 170] [240 170] [240 171] [241 171] 
[241 172] [242 172] [242 173] [243 173] [243 174] [244 174] [244 175] 
[245 175] [246 175] [246 175] [246 176] [247 176] [247 177] [247 178] 
[248 178] [248 179] [249 179] [249 180] [250 180] [250 181] [251 181] 
[251 182] [252 182] [252 183] [253 183] [253 184] [253 185] [254 185] 
[254 186] [255 186] [255 187] [256 187] [256 188] [257 188] [257 189] 
[258 189] [258 189] [258 190] [258 191] [259 191] [259 192] [260 192] 
[260 193] [261 193] [261 194] [261 195] [262 195] [262 196] [262 197] 
[263 197] [263 198] [263 199] [263 200] [264 200] [264 201] [264 202] 
[265 202] [265 203] [265 204] [266 204] [266 205] [266 205] [266 206] 
[267 206] [267 207] [267 208] [268 208] [268 209] [268 210] [268 211] 
[269 211] [269 212] [269 213] [269 214] [270 214] [270 215] [270 216] 
[271 216] [271 217] [271 218] [271 219] [272 219] [272 219] [272 220] 
[272 221] [272 222] [273 222] [273 223] [273 224] [273 225] [274 225] 
[274 226] [274 227] [274 228] [275 228] [276 229] [277 230] [278 231] 
[279 232] [280 233] [281 234] [282 235] [283 236] [284 237] [285 238] 
[286 239] [286 239] [286 240] [286 241] [286 242] [286 243] [286 244] 
[286 245] [286 246] [286 247] [286 248] [286 249] [286 250] [285 251] 
[284 252] [283 253] [282 254] [281 255] [280 256] [279 257] [278 258] 
[277 259] [276 260] [275 261] [274 261] [274 262] [274 263] [274 264] 
[274 265] [274 266] [274 267] [274 268] [273 268] [273 269] [273 270] 
[273 270] [273 271] [272 271] [272 272] [272 273] [271 273] [271 274] 
[271 275] [271 276] [270 276] [270 277] [269 277] [269 278] [269 279] 
[268 279] [268 280] [268 281] [268 282] [267 282] [267 283] [267 284] 
[266 284] [266 285] [266 286] [265 286] [265 287] [265 288] [265 288] 
[264 288] [264 289] [264 290] [263 290] [263 291] [263 292] [262 292] 
[262 293] [262 294] [261 294] [261 295] [261 296] [260 296] [260 297] 
[260 298] [259 298] [259 299] [259 300] [258 300] [258 301] [257 301] 
[257 302] [257 302] 

		Begin Printing Seed information

Seed point: 124 157 	Path 0 22 	User path 0 22 0

Seed point: 140 158 	Path 23 44 	User path 22 40 22

Seed point: 155 152 	Path 45 68 	User path 40 64 40

Seed point: 175 149 	Path 69 90 	User path 64 85 64

Seed point: 195 150 	Path 91 115 	User path 85 110 85

Seed point: 214 155 	Path 116 137 	User path 110 126 110

Seed point: 228 162 	Path 138 169 	User path 126 158 126

Seed point: 246 175 	Path 170 196 	User path 158 179 158

Seed point: 258 189 	Path 197 221 	User path 179 207 179

Seed point: 266 205 	Path 222 242 	User path 207 214 207

Seed point: 272 219 	Path 243 266 	User path 214 247 214

Seed point: 286 239 	Path 267 300 	User path 247 287 247

Seed point: 273 270 	Path 301 327 	User path 287 310 287

Seed point: 265 288 	Path 328 350 	User path 310 332 310

Seed point: 257 302 	Path 351 380 	User path 332 353 332

Seed point: 242 316 	Path 381 381 	User path 374 374 374

---------------------

Print path: 



[124 157] [124 158] [125 159] [126 160] [127 161] [128 162] [129 163] 
[130 163] [131 163] [131 162] [132 162] [132 161] [133 161] [134 161] 
[134 160] [135 160] [136 160] [136 159] [137 159] [138 159] [139 159] 
[139 158] [140 158] [140 158] [141 158] [141 157] [142 157] [143 157] 
[143 156] [144 156] [145 156] [146 156] [146 155] [147 155] [148 155] 
[148 154] [149 154] [150 154] [151 154] [151 153] [152 153] [153 153] 
[154 153] [155 153] [155 152] [155 152] [156 152] [157 152] [158 152] 
[159 152] [159 151] [160 151] [161 151] [162 151] [163 151] [164 151] 
[164 150] [165 150] [166 150] [167 150] [168 150] [169 150] [170 150] 
[171 150] [172 150] [173 150] [173 149] [174 149] [175 149] [175 149] 
[176 149] [177 149] [178 149] [179 149] [180 149] [181 149] [182 149] 
[183 149] [184 149] [185 149] [186 149] [187 149] [188 149] [189 149] 
[189 150] [190 150] [191 150] [192 150] [193 150] [194 150] [195 150] 
[195 150] [195 151] [196 151] [197 151] [198 151] [199 151] [200 151] 
[200 152] [201 152] [202 152] [203 152] [204 152] [204 153] [205 153] 
[206 153] [207 153] [207 154] [208 154] [209 154] [210 154] [210 155] 
[211 155] [212 155] [213 155] [214 155] [214 155] [214 156] [215 156] 
[216 156] [216 157] [217 157] [218 157] [219 157] [219 158] [220 158] 
[221 158] [221 159] [222 159] [223 159] [223 160] [224 160] [225 160] 
[225 161] [226 161] [227 161] [227 162] [228 162] [228 162] [228 163] 
[229 163] [230 163] [230 164] [231 164] [231 165] [232 165] [233 165] 
[233 166] [234 166] [234 167] [235 167] [236 167] [236 168] [237 168] 
[237 169] [238 169] [238 170] [239 170] [240 170] [240 171] [241 171] 
[241 172] [242 172] [242 173] [243 173] [243 174] [244 174] [244 175] 
[245 175] [246 175] [246 175] [246 176] [247 176] [247 177] [247 178] 
[248 178] [248 179] [249 179] [249 180] [250 180] [250 181] [251 181] 
[251 182] [252 182] [252 183] [253 183] [253 184] [253 185] [254 185] 
[254 186] [255 186] [255 187] [256 187] [256 188] [257 188] [257 189] 
[258 189] [258 189] [258 190] [258 191] [259 191] [259 192] [260 192] 
[260 193] [261 193] [261 194] [261 195] [262 195] [262 196] [262 197] 
[263 197] [263 198] [263 199] [263 200] [264 200] [264 201] [264 202] 
[265 202] [265 203] [265 204] [266 204] [266 205] [266 205] [266 206] 
[267 206] [267 207] [267 208] [268 208] [268 209] [268 210] [268 211] 
[269 211] [269 212] [269 213] [269 214] [270 214] [270 215] [270 216] 
[271 216] [271 217] [271 218] [271 219] [272 219] [272 219] [272 220] 
[272 221] [272 222] [273 222] [273 223] [273 224] [273 225] [274 225] 
[274 226] [274 227] [274 228] [275 228] [276 229] [277 230] [278 231] 
[279 232] [280 233] [281 234] [282 235] [283 236] [284 237] [285 238] 
[286 239] [286 239] [286 240] [286 241] [286 242] [286 243] [286 244] 
[286 245] [286 246] [286 247] [286 248] [286 249] [286 250] [285 251] 
[284 252] [283 253] [282 254] [281 255] [280 256] [279 257] [278 258] 
[277 259] [276 260] [275 261] [274 261] [274 262] [274 263] [274 264] 
[274 265] [274 266] [274 267] [274 268] [273 268] [273 269] [273 270] 
[273 270] [273 271] [272 271] [272 272] [272 273] [271 273] [271 274] 
[271 275] [271 276] [270 276] [270 277] [269 277] [269 278] [269 279] 
[268 279] [268 280] [268 281] [268 282] [267 282] [267 283] [267 284] 
[266 284] [266 285] [266 286] [265 286] [265 287] [265 288] [265 288] 
[264 288] [264 289] [264 290] [263 290] [263 291] [263 292] [262 292] 
[262 293] [262 294] [261 294] [261 295] [261 296] [260 296] [260 297] 
[260 298] [259 298] [259 299] [259 300] [258 300] [258 301] [257 301] 
[257 302] [257 302] [256 302] [256 303] [255 303] [255 304] [254 304] 
[254 305] [253 305] [253 306] [252 306] [252 307] [252 308] [251 308] 
[250 308] [250 309] [249 309] [249 310] [249 311] [248 311] [248 312] 
[247 312] [247 313] [246 313] [246 314] [245 314] [245 315] [244 315] 
[243 315] [243 316] [242 316] [242 316] 

		Begin Printing Seed information

Seed point: 124 157 	Path 0 22 	User path 0 22 0

Seed point: 140 158 	Path 23 44 	User path 22 40 22

Seed point: 155 152 	Path 45 68 	User path 40 64 40

Seed point: 175 149 	Path 69 90 	User path 64 85 64

Seed point: 195 150 	Path 91 115 	User path 85 110 85

Seed point: 214 155 	Path 116 137 	User path 110 126 110

Seed point: 228 162 	Path 138 169 	User path 126 158 126

Seed point: 246 175 	Path 170 196 	User path 158 179 158

Seed point: 258 189 	Path 197 221 	User path 179 207 179

Seed point: 266 205 	Path 222 242 	User path 207 214 207

Seed point: 272 219 	Path 243 266 	User path 214 247 214

Seed point: 286 239 	Path 267 300 	User path 247 287 247

Seed point: 273 270 	Path 301 327 	User path 287 310 287

Seed point: 265 288 	Path 328 350 	User path 310 332 310

Seed point: 257 302 	Path 351 380 	User path 332 353 332

Seed point: 242 316 	Path 381 410 	User path 353 376 353

Seed point: 225 328 	Path 411 411 	User path 396 396 396

---------------------

Print path: 



[124 157] [124 158] [125 159] [126 160] [127 161] [128 162] [129 163] 
[130 163] [131 163] [131 162] [132 162] [132 161] [133 161] [134 161] 
[134 160] [135 160] [136 160] [136 159] [137 159] [138 159] [139 159] 
[139 158] [140 158] [140 158] [141 158] [141 157] [142 157] [143 157] 
[143 156] [144 156] [145 156] [146 156] [146 155] [147 155] [148 155] 
[148 154] [149 154] [150 154] [151 154] [151 153] [152 153] [153 153] 
[154 153] [155 153] [155 152] [155 152] [156 152] [157 152] [158 152] 
[159 152] [159 151] [160 151] [161 151] [162 151] [163 151] [164 151] 
[164 150] [165 150] [166 150] [167 150] [168 150] [169 150] [170 150] 
[171 150] [172 150] [173 150] [173 149] [174 149] [175 149] [175 149] 
[176 149] [177 149] [178 149] [179 149] [180 149] [181 149] [182 149] 
[183 149] [184 149] [185 149] [186 149] [187 149] [188 149] [189 149] 
[189 150] [190 150] [191 150] [192 150] [193 150] [194 150] [195 150] 
[195 150] [195 151] [196 151] [197 151] [198 151] [199 151] [200 151] 
[200 152] [201 152] [202 152] [203 152] [204 152] [204 153] [205 153] 
[206 153] [207 153] [207 154] [208 154] [209 154] [210 154] [210 155] 
[211 155] [212 155] [213 155] [214 155] [214 155] [214 156] [215 156] 
[216 156] [216 157] [217 157] [218 157] [219 157] [219 158] [220 158] 
[221 158] [221 159] [222 159] [223 159] [223 160] [224 160] [225 160] 
[225 161] [226 161] [227 161] [227 162] [228 162] [228 162] [228 163] 
[229 163] [230 163] [230 164] [231 164] [231 165] [232 165] [233 165] 
[233 166] [234 166] [234 167] [235 167] [236 167] [236 168] [237 168] 
[237 169] [238 169] [238 170] [239 170] [240 170] [240 171] [241 171] 
[241 172] [242 172] [242 173] [243 173] [243 174] [244 174] [244 175] 
[245 175] [246 175] [246 175] [246 176] [247 176] [247 177] [247 178] 
[248 178] [248 179] [249 179] [249 180] [250 180] [250 181] [251 181] 
[251 182] [252 182] [252 183] [253 183] [253 184] [253 185] [254 185] 
[254 186] [255 186] [255 187] [256 187] [256 188] [257 188] [257 189] 
[258 189] [258 189] [258 190] [258 191] [259 191] [259 192] [260 192] 
[260 193] [261 193] [261 194] [261 195] [262 195] [262 196] [262 197] 
[263 197] [263 198] [263 199] [263 200] [264 200] [264 201] [264 202] 
[265 202] [265 203] [265 204] [266 204] [266 205] [266 205] [266 206] 
[267 206] [267 207] [267 208] [268 208] [268 209] [268 210] [268 211] 
[269 211] [269 212] [269 213] [269 214] [270 214] [270 215] [270 216] 
[271 216] [271 217] [271 218] [271 219] [272 219] [272 219] [272 220] 
[272 221] [272 222] [273 222] [273 223] [273 224] [273 225] [274 225] 
[274 226] [274 227] [274 228] [275 228] [276 229] [277 230] [278 231] 
[279 232] [280 233] [281 234] [282 235] [283 236] [284 237] [285 238] 
[286 239] [286 239] [286 240] [286 241] [286 242] [286 243] [286 244] 
[286 245] [286 246] [286 247] [286 248] [286 249] [286 250] [285 251] 
[284 252] [283 253] [282 254] [281 255] [280 256] [279 257] [278 258] 
[277 259] [276 260] [275 261] [274 261] [274 262] [274 263] [274 264] 
[274 265] [274 266] [274 267] [274 268] [273 268] [273 269] [273 270] 
[273 270] [273 271] [272 271] [272 272] [272 273] [271 273] [271 274] 
[271 275] [271 276] [270 276] [270 277] [269 277] [269 278] [269 279] 
[268 279] [268 280] [268 281] [268 282] [267 282] [267 283] [267 284] 
[266 284] [266 285] [266 286] [265 286] [265 287] [265 288] [265 288] 
[264 288] [264 289] [264 290] [263 290] [263 291] [263 292] [262 292] 
[262 293] [262 294] [261 294] [261 295] [261 296] [260 296] [260 297] 
[260 298] [259 298] [259 299] [259 300] [258 300] [258 301] [257 301] 
[257 302] [257 302] [256 302] [256 303] [255 303] [255 304] [254 304] 
[254 305] [253 305] [253 306] [252 306] [252 307] [252 308] [251 308] 
[250 308] [250 309] [249 309] [249 310] [249 311] [248 311] [248 312] 
[247 312] [247 313] [246 313] [246 314] [245 314] [245 315] [244 315] 
[243 315] [243 316] [242 316] [242 316] [242 317] [241 317] [241 318] 
[240 318] [240 319] [239 319] [239 320] [238 320] [238 321] [237 321] 
[236 321] [236 322] [235 322] [235 323] [234 323] [233 323] [233 324] 
[232 324] [232 325] [231 325] [230 325] [230 326] [229 326] [229 327] 
[228 327] [227 327] [227 328] [226 328] [225 328] [225 328] 

		Begin Printing Seed information

Seed point: 124 157 	Path 0 22 	User path 0 22 0

Seed point: 140 158 	Path 23 44 	User path 22 40 22

Seed point: 155 152 	Path 45 68 	User path 40 64 40

Seed point: 175 149 	Path 69 90 	User path 64 85 64

Seed point: 195 150 	Path 91 115 	User path 85 110 85

Seed point: 214 155 	Path 116 137 	User path 110 126 110

Seed point: 228 162 	Path 138 169 	User path 126 158 126

Seed point: 246 175 	Path 170 196 	User path 158 179 158

Seed point: 258 189 	Path 197 221 	User path 179 207 179

Seed point: 266 205 	Path 222 242 	User path 207 214 207

Seed point: 272 219 	Path 243 266 	User path 214 247 214

Seed point: 286 239 	Path 267 300 	User path 247 287 247

Seed point: 273 270 	Path 301 327 	User path 287 310 287

Seed point: 265 288 	Path 328 350 	User path 310 332 310

Seed point: 257 302 	Path 351 380 	User path 332 353 332

Seed point: 242 316 	Path 381 410 	User path 353 376 353

Seed point: 225 328 	Path 411 443 	User path 376 398 376

Seed point: 202 337 	Path 444 444 	User path 418 418 418

---------------------

Print path: 



[124 157] [124 158] [125 159] [126 160] [127 161] [128 162] [129 163] 
[130 163] [131 163] [131 162] [132 162] [132 161] [133 161] [134 161] 
[134 160] [135 160] [136 160] [136 159] [137 159] [138 159] [139 159] 
[139 158] [140 158] [140 158] [141 158] [141 157] [142 157] [143 157] 
[143 156] [144 156] [145 156] [146 156] [146 155] [147 155] [148 155] 
[148 154] [149 154] [150 154] [151 154] [151 153] [152 153] [153 153] 
[154 153] [155 153] [155 152] [155 152] [156 152] [157 152] [158 152] 
[159 152] [159 151] [160 151] [161 151] [162 151] [163 151] [164 151] 
[164 150] [165 150] [166 150] [167 150] [168 150] [169 150] [170 150] 
[171 150] [172 150] [173 150] [173 149] [174 149] [175 149] [175 149] 
[176 149] [177 149] [178 149] [179 149] [180 149] [181 149] [182 149] 
[183 149] [184 149] [185 149] [186 149] [187 149] [188 149] [189 149] 
[189 150] [190 150] [191 150] [192 150] [193 150] [194 150] [195 150] 
[195 150] [195 151] [196 151] [197 151] [198 151] [199 151] [200 151] 
[200 152] [201 152] [202 152] [203 152] [204 152] [204 153] [205 153] 
[206 153] [207 153] [207 154] [208 154] [209 154] [210 154] [210 155] 
[211 155] [212 155] [213 155] [214 155] [214 155] [214 156] [215 156] 
[216 156] [216 157] [217 157] [218 157] [219 157] [219 158] [220 158] 
[221 158] [221 159] [222 159] [223 159] [223 160] [224 160] [225 160] 
[225 161] [226 161] [227 161] [227 162] [228 162] [228 162] [228 163] 
[229 163] [230 163] [230 164] [231 164] [231 165] [232 165] [233 165] 
[233 166] [234 166] [234 167] [235 167] [236 167] [236 168] [237 168] 
[237 169] [238 169] [238 170] [239 170] [240 170] [240 171] [241 171] 
[241 172] [242 172] [242 173] [243 173] [243 174] [244 174] [244 175] 
[245 175] [246 175] [246 175] [246 176] [247 176] [247 177] [247 178] 
[248 178] [248 179] [249 179] [249 180] [250 180] [250 181] [251 181] 
[251 182] [252 182] [252 183] [253 183] [253 184] [253 185] [254 185] 
[254 186] [255 186] [255 187] [256 187] [256 188] [257 188] [257 189] 
[258 189] [258 189] [258 190] [258 191] [259 191] [259 192] [260 192] 
[260 193] [261 193] [261 194] [261 195] [262 195] [262 196] [262 197] 
[263 197] [263 198] [263 199] [263 200] [264 200] [264 201] [264 202] 
[265 202] [265 203] [265 204] [266 204] [266 205] [266 205] [266 206] 
[267 206] [267 207] [267 208] [268 208] [268 209] [268 210] [268 211] 
[269 211] [269 212] [269 213] [269 214] [270 214] [270 215] [270 216] 
[271 216] [271 217] [271 218] [271 219] [272 219] [272 219] [272 220] 
[272 221] [272 222] [273 222] [273 223] [273 224] [273 225] [274 225] 
[274 226] [274 227] [274 228] [275 228] [276 229] [277 230] [278 231] 
[279 232] [280 233] [281 234] [282 235] [283 236] [284 237] [285 238] 
[286 239] [286 239] [286 240] [286 241] [286 242] [286 243] [286 244] 
[286 245] [286 246] [286 247] [286 248] [286 249] [286 250] [285 251] 
[284 252] [283 253] [282 254] [281 255] [280 256] [279 257] [278 258] 
[277 259] [276 260] [275 261] [274 261] [274 262] [274 263] [274 264] 
[274 265] [274 266] [274 267] [274 268] [273 268] [273 269] [273 270] 
[273 270] [273 271] [272 271] [272 272] [272 273] [271 273] [271 274] 
[271 275] [271 276] [270 276] [270 277] [269 277] [269 278] [269 279] 
[268 279] [268 280] [268 281] [268 282] [267 282] [267 283] [267 284] 
[266 284] [266 285] [266 286] [265 286] [265 287] [265 288] [265 288] 
[264 288] [264 289] [264 290] [263 290] [263 291] [263 292] [262 292] 
[262 293] [262 294] [261 294] [261 295] [261 296] [260 296] [260 297] 
[260 298] [259 298] [259 299] [259 300] [258 300] [258 301] [257 301] 
[257 302] [257 302] [256 302] [256 303] [255 303] [255 304] [254 304] 
[254 305] [253 305] [253 306] [252 306] [252 307] [252 308] [251 308] 
[250 308] [250 309] [249 309] [249 310] [249 311] [248 311] [248 312] 
[247 312] [247 313] [246 313] [246 314] [245 314] [245 315] [244 315] 
[243 315] [243 316] [242 316] [242 316] [242 317] [241 317] [241 318] 
[240 318] [240 319] [239 319] [239 320] [238 320] [238 321] [237 321] 
[236 321] [236 322] [235 322] [235 323] [234 323] [233 323] [233 324] 
[232 324] [232 325] [231 325] [230 325] [230 326] [229 326] [229 327] 
[228 327] [227 327] [227 328] [226 328] [225 328] [225 328] [225 329] 
[224 329] [223 329] [223 330] [222 330] [221 330] [221 331] [220 331] 
[219 331] [219 332] [218 332] [217 332] [217 333] [216 333] [215 333] 
[214 333] [214 334] [213 334] [212 334] [212 335] [211 335] [210 335] 
[209 335] [209 336] [208 336] [207 336] [206 336] [206 337] [205 337] 
[204 337] [203 337] [202 337] [202 337] 

		Begin Printing Seed information

Seed point: 124 157 	Path 0 22 	User path 0 22 0

Seed point: 140 158 	Path 23 44 	User path 22 40 22

Seed point: 155 152 	Path 45 68 	User path 40 64 40

Seed point: 175 149 	Path 69 90 	User path 64 85 64

Seed point: 195 150 	Path 91 115 	User path 85 110 85

Seed point: 214 155 	Path 116 137 	User path 110 126 110

Seed point: 228 162 	Path 138 169 	User path 126 158 126

Seed point: 246 175 	Path 170 196 	User path 158 179 158

Seed point: 258 189 	Path 197 221 	User path 179 207 179

Seed point: 266 205 	Path 222 242 	User path 207 214 207

Seed point: 272 219 	Path 243 266 	User path 214 247 214

Seed point: 286 239 	Path 267 300 	User path 247 287 247

Seed point: 273 270 	Path 301 327 	User path 287 310 287

Seed point: 265 288 	Path 328 350 	User path 310 332 310

Seed point: 257 302 	Path 351 380 	User path 332 353 332

Seed point: 242 316 	Path 381 410 	User path 353 376 353

Seed point: 225 328 	Path 411 443 	User path 376 398 376

Seed point: 202 337 	Path 444 466 	User path 398 420 398

Seed point: 184 339 	Path 467 467 	User path 420 420 420

---------------------

Print path: 



[124 157] [124 158] [125 159] [126 160] [127 161] [128 162] [129 163] 
[130 163] [131 163] [131 162] [132 162] [132 161] [133 161] [134 161] 
[134 160] [135 160] [136 160] [136 159] [137 159] [138 159] [139 159] 
[139 158] [140 158] [140 158] [141 158] [141 157] [142 157] [143 157] 
[143 156] [144 156] [145 156] [146 156] [146 155] [147 155] [148 155] 
[148 154] [149 154] [150 154] [151 154] [151 153] [152 153] [153 153] 
[154 153] [155 153] [155 152] [155 152] [156 152] [157 152] [158 152] 
[159 152] [159 151] [160 151] [161 151] [162 151] [163 151] [164 151] 
[164 150] [165 150] [166 150] [167 150] [168 150] [169 150] [170 150] 
[171 150] [172 150] [173 150] [173 149] [174 149] [175 149] [175 149] 
[176 149] [177 149] [178 149] [179 149] [180 149] [181 149] [182 149] 
[183 149] [184 149] [185 149] [186 149] [187 149] [188 149] [189 149] 
[189 150] [190 150] [191 150] [192 150] [193 150] [194 150] [195 150] 
[195 150] [195 151] [196 151] [197 151] [198 151] [199 151] [200 151] 
[200 152] [201 152] [202 152] [203 152] [204 152] [204 153] [205 153] 
[206 153] [207 153] [207 154] [208 154] [209 154] [210 154] [210 155] 
[211 155] [212 155] [213 155] [214 155] [214 155] [214 156] [215 156] 
[216 156] [216 157] [217 157] [218 157] [219 157] [219 158] [220 158] 
[221 158] [221 159] [222 159] [223 159] [223 160] [224 160] [225 160] 
[225 161] [226 161] [227 161] [227 162] [228 162] [228 162] [228 163] 
[229 163] [230 163] [230 164] [231 164] [231 165] [232 165] [233 165] 
[233 166] [234 166] [234 167] [235 167] [236 167] [236 168] [237 168] 
[237 169] [238 169] [238 170] [239 170] [240 170] [240 171] [241 171] 
[241 172] [242 172] [242 173] [243 173] [243 174] [244 174] [244 175] 
[245 175] [246 175] [246 175] [246 176] [247 176] [247 177] [247 178] 
[248 178] [248 179] [249 179] [249 180] [250 180] [250 181] [251 181] 
[251 182] [252 182] [252 183] [253 183] [253 184] [253 185] [254 185] 
[254 186] [255 186] [255 187] [256 187] [256 188] [257 188] [257 189] 
[258 189] [258 189] [258 190] [258 191] [259 191] [259 192] [260 192] 
[260 193] [261 193] [261 194] [261 195] [262 195] [262 196] [262 197] 
[263 197] [263 198] [263 199] [263 200] [264 200] [264 201] [264 202] 
[265 202] [265 203] [265 204] [266 204] [266 205] [266 205] [266 206] 
[267 206] [267 207] [267 208] [268 208] [268 209] [268 210] [268 211] 
[269 211] [269 212] [269 213] [269 214] [270 214] [270 215] [270 216] 
[271 216] [271 217] [271 218] [271 219] [272 219] [272 219] [272 220] 
[272 221] [272 222] [273 222] [273 223] [273 224] [273 225] [274 225] 
[274 226] [274 227] [274 228] [275 228] [276 229] [277 230] [278 231] 
[279 232] [280 233] [281 234] [282 235] [283 236] [284 237] [285 238] 
[286 239] [286 239] [286 240] [286 241] [286 242] [286 243] [286 244] 
[286 245] [286 246] [286 247] [286 248] [286 249] [286 250] [285 251] 
[284 252] [283 253] [282 254] [281 255] [280 256] [279 257] [278 258] 
[277 259] [276 260] [275 261] [274 261] [274 262] [274 263] [274 264] 
[274 265] [274 266] [274 267] [274 268] [273 268] [273 269] [273 270] 
[273 270] [273 271] [272 271] [272 272] [272 273] [271 273] [271 274] 
[271 275] [271 276] [270 276] [270 277] [269 277] [269 278] [269 279] 
[268 279] [268 280] [268 281] [268 282] [267 282] [267 283] [267 284] 
[266 284] [266 285] [266 286] [265 286] [265 287] [265 288] [265 288] 
[264 288] [264 289] [264 290] [263 290] [263 291] [263 292] [262 292] 
[262 293] [262 294] [261 294] [261 295] [261 296] [260 296] [260 297] 
[260 298] [259 298] [259 299] [259 300] [258 300] [258 301] [257 301] 
[257 302] [257 302] [256 302] [256 303] [255 303] [255 304] [254 304] 
[254 305] [253 305] [253 306] [252 306] [252 307] [252 308] [251 308] 
[250 308] [250 309] [249 309] [249 310] [249 311] [248 311] [248 312] 
[247 312] [247 313] [246 313] [246 314] [245 314] [245 315] [244 315] 
[243 315] [243 316] [242 316] [242 316] [242 317] [241 317] [241 318] 
[240 318] [240 319] [239 319] [239 320] [238 320] [238 321] [237 321] 
[236 321] [236 322] [235 322] [235 323] [234 323] [233 323] [233 324] 
[232 324] [232 325] [231 325] [230 325] [230 326] [229 326] [229 327] 
[228 327] [227 327] [227 328] [226 328] [225 328] [225 328] [225 329] 
[224 329] [223 329] [223 330] [222 330] [221 330] [221 331] [220 331] 
[219 331] [219 332] [218 332] [217 332] [217 333] [216 333] [215 333] 
[214 333] [214 334] [213 334] [212 334] [212 335] [211 335] [210 335] 
[209 335] [209 336] [208 336] [207 336] [206 336] [206 337] [205 337] 
[204 337] [203 337] [202 337] [202 337] [202 338] [201 338] [200 338] 
[199 338] [198 338] [198 339] [197 339] [196 339] [195 339] [194 339] 
[193 339] [192 339] [192 340] [191 340] [190 340] [189 340] [188 340] 
[187 340] [186 340] [185 340] [184 340] [184 339] [184 339] 

		Begin Printing Seed information

Seed point: 124 157 	Path 0 22 	User path 0 22 0

Seed point: 140 158 	Path 23 44 	User path 22 40 22

Seed point: 155 152 	Path 45 68 	User path 40 64 40

Seed point: 175 149 	Path 69 90 	User path 64 85 64

Seed point: 195 150 	Path 91 115 	User path 85 110 85

Seed point: 214 155 	Path 116 137 	User path 110 126 110

Seed point: 228 162 	Path 138 169 	User path 126 158 126

Seed point: 246 175 	Path 170 196 	User path 158 179 158

Seed point: 258 189 	Path 197 221 	User path 179 207 179

Seed point: 266 205 	Path 222 242 	User path 207 214 207

Seed point: 272 219 	Path 243 266 	User path 214 247 214

Seed point: 286 239 	Path 267 300 	User path 247 287 247

Seed point: 273 270 	Path 301 327 	User path 287 310 287

Seed point: 265 288 	Path 328 350 	User path 310 332 310

Seed point: 257 302 	Path 351 380 	User path 332 353 332

Seed point: 242 316 	Path 381 410 	User path 353 376 353

Seed point: 225 328 	Path 411 443 	User path 376 398 376

Seed point: 202 337 	Path 444 466 	User path 398 420 398

Seed point: 184 339 	Path 467 490 	User path 420 422 420

Seed point: 163 339 	Path 491 491 	User path 442 442 442

---------------------

Print path: 



[124 157] [124 158] [125 159] [126 160] [127 161] [128 162] [129 163] 
[130 163] [131 163] [131 162] [132 162] [132 161] [133 161] [134 161] 
[134 160] [135 160] [136 160] [136 159] [137 159] [138 159] [139 159] 
[139 158] [140 158] [140 158] [141 158] [141 157] [142 157] [143 157] 
[143 156] [144 156] [145 156] [146 156] [146 155] [147 155] [148 155] 
[148 154] [149 154] [150 154] [151 154] [151 153] [152 153] [153 153] 
[154 153] [155 153] [155 152] [155 152] [156 152] [157 152] [158 152] 
[159 152] [159 151] [160 151] [161 151] [162 151] [163 151] [164 151] 
[164 150] [165 150] [166 150] [167 150] [168 150] [169 150] [170 150] 
[171 150] [172 150] [173 150] [173 149] [174 149] [175 149] [175 149] 
[176 149] [177 149] [178 149] [179 149] [180 149] [181 149] [182 149] 
[183 149] [184 149] [185 149] [186 149] [187 149] [188 149] [189 149] 
[189 150] [190 150] [191 150] [192 150] [193 150] [194 150] [195 150] 
[195 150] [195 151] [196 151] [197 151] [198 151] [199 151] [200 151] 
[200 152] [201 152] [202 152] [203 152] [204 152] [204 153] [205 153] 
[206 153] [207 153] [207 154] [208 154] [209 154] [210 154] [210 155] 
[211 155] [212 155] [213 155] [214 155] [214 155] [214 156] [215 156] 
[216 156] [216 157] [217 157] [218 157] [219 157] [219 158] [220 158] 
[221 158] [221 159] [222 159] [223 159] [223 160] [224 160] [225 160] 
[225 161] [226 161] [227 161] [227 162] [228 162] [228 162] [228 163] 
[229 163] [230 163] [230 164] [231 164] [231 165] [232 165] [233 165] 
[233 166] [234 166] [234 167] [235 167] [236 167] [236 168] [237 168] 
[237 169] [238 169] [238 170] [239 170] [240 170] [240 171] [241 171] 
[241 172] [242 172] [242 173] [243 173] [243 174] [244 174] [244 175] 
[245 175] [246 175] [246 175] [246 176] [247 176] [247 177] [247 178] 
[248 178] [248 179] [249 179] [249 180] [250 180] [250 181] [251 181] 
[251 182] [252 182] [252 183] [253 183] [253 184] [253 185] [254 185] 
[254 186] [255 186] [255 187] [256 187] [256 188] [257 188] [257 189] 
[258 189] [258 189] [258 190] [258 191] [259 191] [259 192] [260 192] 
[260 193] [261 193] [261 194] [261 195] [262 195] [262 196] [262 197] 
[263 197] [263 198] [263 199] [263 200] [264 200] [264 201] [264 202] 
[265 202] [265 203] [265 204] [266 204] [266 205] [266 205] [266 206] 
[267 206] [267 207] [267 208] [268 208] [268 209] [268 210] [268 211] 
[269 211] [269 212] [269 213] [269 214] [270 214] [270 215] [270 216] 
[271 216] [271 217] [271 218] [271 219] [272 219] [272 219] [272 220] 
[272 221] [272 222] [273 222] [273 223] [273 224] [273 225] [274 225] 
[274 226] [274 227] [274 228] [275 228] [276 229] [277 230] [278 231] 
[279 232] [280 233] [281 234] [282 235] [283 236] [284 237] [285 238] 
[286 239] [286 239] [286 240] [286 241] [286 242] [286 243] [286 244] 
[286 245] [286 246] [286 247] [286 248] [286 249] [286 250] [285 251] 
[284 252] [283 253] [282 254] [281 255] [280 256] [279 257] [278 258] 
[277 259] [276 260] [275 261] [274 261] [274 262] [274 263] [274 264] 
[274 265] [274 266] [274 267] [274 268] [273 268] [273 269] [273 270] 
[273 270] [273 271] [272 271] [272 272] [272 273] [271 273] [271 274] 
[271 275] [271 276] [270 276] [270 277] [269 277] [269 278] [269 279] 
[268 279] [268 280] [268 281] [268 282] [267 282] [267 283] [267 284] 
[266 284] [266 285] [266 286] [265 286] [265 287] [265 288] [265 288] 
[264 288] [264 289] [264 290] [263 290] [263 291] [263 292] [262 292] 
[262 293] [262 294] [261 294] [261 295] [261 296] [260 296] [260 297] 
[260 298] [259 298] [259 299] [259 300] [258 300] [258 301] [257 301] 
[257 302] [257 302] [256 302] [256 303] [255 303] [255 304] [254 304] 
[254 305] [253 305] [253 306] [252 306] [252 307] [252 308] [251 308] 
[250 308] [250 309] [249 309] [249 310] [249 311] [248 311] [248 312] 
[247 312] [247 313] [246 313] [246 314] [245 314] [245 315] [244 315] 
[243 315] [243 316] [242 316] [242 316] [242 317] [241 317] [241 318] 
[240 318] [240 319] [239 319] [239 320] [238 320] [238 321] [237 321] 
[236 321] [236 322] [235 322] [235 323] [234 323] [233 323] [233 324] 
[232 324] [232 325] [231 325] [230 325] [230 326] [229 326] [229 327] 
[228 327] [227 327] [227 328] [226 328] [225 328] [225 328] [225 329] 
[224 329] [223 329] [223 330] [222 330] [221 330] [221 331] [220 331] 
[219 331] [219 332] [218 332] [217 332] [217 333] [216 333] [215 333] 
[214 333] [214 334] [213 334] [212 334] [212 335] [211 335] [210 335] 
[209 335] [209 336] [208 336] [207 336] [206 336] [206 337] [205 337] 
[204 337] [203 337] [202 337] [202 337] [202 338] [201 338] [200 338] 
[199 338] [198 338] [198 339] [197 339] [196 339] [195 339] [194 339] 
[193 339] [192 339] [192 340] [191 340] [190 340] [189 340] [188 340] 
[187 340] [186 340] [185 340] [184 340] [184 339] [184 339] [184 340] 
[183 340] [182 340] [181 340] [180 340] [179 340] [178 340] [177 340] 
[176 340] [175 340] [174 340] [173 340] [172 340] [171 340] [170 340] 
[169 340] [168 340] [168 339] [167 339] [166 339] [165 339] [164 339] 
[163 339] [163 339] 

		Begin Printing Seed information

Seed point: 124 157 	Path 0 22 	User path 0 22 0

Seed point: 140 158 	Path 23 44 	User path 22 40 22

Seed point: 155 152 	Path 45 68 	User path 40 64 40

Seed point: 175 149 	Path 69 90 	User path 64 85 64

Seed point: 195 150 	Path 91 115 	User path 85 110 85

Seed point: 214 155 	Path 116 137 	User path 110 126 110

Seed point: 228 162 	Path 138 169 	User path 126 158 126

Seed point: 246 175 	Path 170 196 	User path 158 179 158

Seed point: 258 189 	Path 197 221 	User path 179 207 179

Seed point: 266 205 	Path 222 242 	User path 207 214 207

Seed point: 272 219 	Path 243 266 	User path 214 247 214

Seed point: 286 239 	Path 267 300 	User path 247 287 247

Seed point: 273 270 	Path 301 327 	User path 287 310 287

Seed point: 265 288 	Path 328 350 	User path 310 332 310

Seed point: 257 302 	Path 351 380 	User path 332 353 332

Seed point: 242 316 	Path 381 410 	User path 353 376 353

Seed point: 225 328 	Path 411 443 	User path 376 398 376

Seed point: 202 337 	Path 444 466 	User path 398 420 398

Seed point: 184 339 	Path 467 490 	User path 420 422 420

Seed point: 163 339 	Path 491 1090 	User path 422 442 422

Seed point: 357 87 	Path 1091 1091 	User path 464 464 464

---------------------

Print path: 



[124 157] [124 158] [125 159] [126 160] [127 161] [128 162] [129 163] 
[130 163] [131 163] [131 162] [132 162] [132 161] [133 161] [134 161] 
[134 160] [135 160] [136 160] [136 159] [137 159] [138 159] [139 159] 
[139 158] [140 158] [140 158] [141 158] [141 157] [142 157] [143 157] 
[143 156] [144 156] [145 156] [146 156] [146 155] [147 155] [148 155] 
[148 154] [149 154] [150 154] [151 154] [151 153] [152 153] [153 153] 
[154 153] [155 153] [155 152] [155 152] [156 152] [157 152] [158 152] 
[159 152] [159 151] [160 151] [161 151] [162 151] [163 151] [164 151] 
[164 150] [165 150] [166 150] [167 150] [168 150] [169 150] [170 150] 
[171 150] [172 150] [173 150] [173 149] [174 149] [175 149] [175 149] 
[176 149] [177 149] [178 149] [179 149] [180 149] [181 149] [182 149] 
[183 149] [184 149] [185 149] [186 149] [187 149] [188 149] [189 149] 
[189 150] [190 150] [191 150] [192 150] [193 150] [194 150] [195 150] 
[195 150] [195 151] [196 151] [197 151] [198 151] [199 151] [200 151] 
[200 152] [201 152] [202 152] [203 152] [204 152] [204 153] [205 153] 
[206 153] [207 153] [207 154] [208 154] [209 154] [210 154] [210 155] 
[211 155] [212 155] [213 155] [214 155] [214 155] [214 156] [215 156] 
[216 156] [216 157] [217 157] [218 157] [219 157] [219 158] [220 158] 
[221 158] [221 159] [222 159] [223 159] [223 160] [224 160] [225 160] 
[225 161] [226 161] [227 161] [227 162] [228 162] [228 162] [228 163] 
[229 163] [230 163] [230 164] [231 164] [231 165] [232 165] [233 165] 
[233 166] [234 166] [234 167] [235 167] [236 167] [236 168] [237 168] 
[237 169] [238 169] [238 170] [239 170] [240 170] [240 171] [241 171] 
[241 172] [242 172] [242 173] [243 173] [243 174] [244 174] [244 175] 
[245 175] [246 175] [246 175] [246 176] [247 176] [247 177] [247 178] 
[248 178] [248 179] [249 179] [249 180] [250 180] [250 181] [251 181] 
[251 182] [252 182] [252 183] [253 183] [253 184] [253 185] [254 185] 
[254 186] [255 186] [255 187] [256 187] [256 188] [257 188] [257 189] 
[258 189] [258 189] [258 190] [258 191] [259 191] [259 192] [260 192] 
[260 193] [261 193] [261 194] [261 195] [262 195] [262 196] [262 197] 
[263 197] [263 198] [263 199] [263 200] [264 200] [264 201] [264 202] 
[265 202] [265 203] [265 204] [266 204] [266 205] [266 205] [266 206] 
[267 206] [267 207] [267 208] [268 208] [268 209] [268 210] [268 211] 
[269 211] [269 212] [269 213] [269 214] [270 214] [270 215] [270 216] 
[271 216] [271 217] [271 218] [271 219] [272 219] [272 219] [272 220] 
[272 221] [272 222] [273 222] [273 223] [273 224] [273 225] [274 225] 
[274 226] [274 227] [274 228] [275 228] [276 229] [277 230] [278 231] 
[279 232] [280 233] [281 234] [282 235] [283 236] [284 237] [285 238] 
[286 239] [286 239] [286 240] [286 241] [286 242] [286 243] [286 244] 
[286 245] [286 246] [286 247] [286 248] [286 249] [286 250] [285 251] 
[284 252] [283 253] [282 254] [281 255] [280 256] [279 257] [278 258] 
[277 259] [276 260] [275 261] [274 261] [274 262] [274 263] [274 264] 
[274 265] [274 266] [274 267] [274 268] [273 268] [273 269] [273 270] 
[273 270] [273 271] [272 271] [272 272] [272 273] [271 273] [271 274] 
[271 275] [271 276] [270 276] [270 277] [269 277] [269 278] [269 279] 
[268 279] [268 280] [268 281] [268 282] [267 282] [267 283] [267 284] 
[266 284] [266 285] [266 286] [265 286] [265 287] [265 288] [265 288] 
[264 288] [264 289] [264 290] [263 290] [263 291] [263 292] [262 292] 
[262 293] [262 294] [261 294] [261 295] [261 296] [260 296] [260 297] 
[260 298] [259 298] [259 299] [259 300] [258 300] [258 301] [257 301] 
[257 302] [257 302] [256 302] [256 303] [255 303] [255 304] [254 304] 
[254 305] [253 305] [253 306] [252 306] [252 307] [252 308] [251 308] 
[250 308] [250 309] [249 309] [249 310] [249 311] [248 311] [248 312] 
[247 312] [247 313] [246 313] [246 314] [245 314] [245 315] [244 315] 
[243 315] [243 316] [242 316] [242 316] [242 317] [241 317] [241 318] 
[240 318] [240 319] [239 319] [239 320] [238 320] [238 321] [237 321] 
[236 321] [236 322] [235 322] [235 323] [234 323] [233 323] [233 324] 
[232 324] [232 325] [231 325] [230 325] [230 326] [229 326] [229 327] 
[228 327] [227 327] [227 328] [226 328] [225 328] [225 328] [225 329] 
[224 329] [223 329] [223 330] [222 330] [221 330] [221 331] [220 331] 
[219 331] [219 332] [218 332] [217 332] [217 333] [216 333] [215 333] 
[214 333] [214 334] [213 334] [212 334] [212 335] [211 335] [210 335] 
[209 335] [209 336] [208 336] [207 336] [206 336] [206 337] [205 337] 
[204 337] [203 337] [202 337] [202 337] [202 338] [201 338] [200 338] 
[199 338] [198 338] [198 339] [197 339] [196 339] [195 339] [194 339] 
[193 339] [192 339] [192 340] [191 340] [190 340] [189 340] [188 340] 
[187 340] [186 340] [185 340] [184 340] [184 339] [184 339] [184 340] 
[183 340] [182 340] [181 340] [180 340] [179 340] [178 340] [177 340] 
[176 340] [175 340] [174 340] [173 340] [172 340] [171 340] [170 340] 
[169 340] [168 340] [168 339] [167 339] [166 339] [165 339] [164 339] 
[163 339] [163 339] [163 338] [162 338] [161 338] [160 338] [159 338] 
[158 338] [157 338] [157 337] [156 337] [155 337] [154 337] [153 337] 
[153 336] [152 336] [151 336] [150 336] [149 336] [149 335] [148 335] 
[147 335] [146 335] [145 336] [144 337] [143 338] [142 339] [141 340] 
[140 341] [139 342] [138 343] [137 344] [136 345] [135 345] [134 345] 
[133 346] [132 346] [131 346] [130 347] [129 347] [128 347] [127 348] 
[126 348] [125 348] [124 348] [123 348] [122 348] [121 348] [120 348] 
[119 349] [118 349] [117 349] [116 349] [115 349] [114 349] [113 349] 
[112 349] [111 350] [110 350] [109 350] [108 350] [107 350] [106 350] 
[105 350] [104 350] [103 351] [102 351] [101 351] [100 351] [99 351] 
[98 351] [97 351] [96 351] [95 351] [94 352] [93 352] [92 352] 
[91 352] [90 352] [89 352] [88 352] [87 352] [86 353] [85 353] 
[84 353] [83 353] [82 353] [81 353] [80 353] [79 353] [78 354] 
[77 354] [76 354] [75 354] [74 354] [73 354] [72 354] [71 354] 
[70 354] [69 354] [68 354] [67 354] [66 354] [65 354] [64 354] 
[63 354] [62 354] [61 354] [60 354] [59 354] [58 354] [57 354] 
[56 354] [55 354] [54 354] [53 354] [52 354] [51 353] [50 352] 
[49 351] [48 350] [47 349] [48 348] [49 347] [50 346] [51 345] 
[52 344] [53 343] [54 342] [55 341] [56 340] [57 339] [58 338] 
[59 337] [60 337] [61 336] [62 336] [63 335] [64 335] [65 335] 
[66 334] [67 334] [68 333] [69 333] [70 333] [71 332] [72 332] 
[73 331] [74 331] [75 331] [76 330] [77 330] [78 329] [79 329] 
[80 329] [81 328] [82 328] [83 327] [84 327] [85 327] [86 326] 
[87 326] [88 325] [89 325] [90 325] [91 324] [92 324] [93 323] 
[94 323] [95 322] [96 321] [97 320] [98 319] [99 318] [100 317] 
[101 316] [102 315] [103 314] [104 313] [105 312] [106 311] [107 310] 
[108 309] [109 309] [109 310] [110 310] [110 311] [111 311] [111 312] 
[112 312] [112 313] [113 313] [113 314] [114 314] [114 315] [115 315] 
[115 316] [116 316] [117 316] [117 317] [118 317] [118 318] [119 318] 
[119 319] [120 319] [121 319] [121 318] [121 317] [121 316] [121 315] 
[120 315] [120 314] [120 313] [120 312] [120 311] [119 311] [119 310] 
[119 309] [119 308] [119 307] [120 307] [121 307] [122 307] [123 307] 
[124 307] [125 307] [126 307] [127 307] [128 307] [129 307] [130 307] 
[131 307] [132 307] [133 307] [134 307] [135 307] [136 307] [137 306] 
[138 306] [139 306] [140 305] [141 305] [142 305] [143 305] [144 305] 
[144 304] [144 303] [144 302] [144 301] [145 301] [146 301] [147 301] 
[148 301] [149 301] [150 301] [151 301] [152 301] [153 301] [154 301] 
[155 301] [156 301] [156 300] [156 299] [156 298] [156 297] [156 296] 
[156 295] [156 294] [157 294] [158 294] [159 294] [160 294] [161 294] 
[162 294] [163 294] [164 294] [165 294] [166 294] [167 294] [168 294] 
[169 294] [170 294] [171 294] [172 294] [173 294] [174 294] [175 294] 
[176 294] [177 294] [178 294] [179 294] [180 294] [181 294] [182 294] 
[182 293] [182 292] [182 291] [182 290] [182 289] [182 288] [182 287] 
[182 286] [182 285] [183 285] [184 285] [185 285] [186 285] [187 285] 
[188 285] [189 285] [190 285] [191 285] [192 285] [193 285] [194 285] 
[195 285] [196 285] [197 285] [198 285] [198 284] [198 283] [198 282] 
[198 281] [198 280] [198 279] [198 278] [198 277] [198 276] [198 275] 
[199 275] [200 275] [201 275] [202 275] [203 275] [204 275] [205 275] 
[206 275] [207 275] [208 275] [209 275] [210 275] [211 275] [212 275] 
[213 275] [214 275] [215 274] [216 273] [217 273] [218 273] [218 272] 
[219 272] [220 272] [221 272] [222 272] [223 272] [224 272] [225 272] 
[226 272] [227 272] [228 271] [229 270] [230 269] [231 268] [232 267] 
[233 266] [234 265] [235 264] [236 263] [237 263] [237 264] [238 264] 
[238 265] [239 265] [239 266] [240 266] [240 267] [241 267] [242 267] 
[243 267] [244 267] [245 267] [246 267] [247 266] [248 266] [249 266] 
[250 265] [251 265] [252 265] [253 264] [254 264] [255 264] [256 263] 
[257 263] [258 262] [259 262] [260 262] [261 261] [262 261] [263 261] 
[264 260] [265 260] [266 260] [267 260] [268 260] [269 260] [270 260] 
[271 260] [272 260] [273 260] [274 260] [274 259] [274 258] [274 257] 
[274 256] [274 255] [275 255] [275 254] [275 253] [275 252] [275 251] 
[275 250] [275 249] [275 248] [275 247] [276 247] [277 247] [278 247] 
[279 247] [280 247] [281 247] [282 247] [283 247] [284 247] [285 247] 
[286 247] [287 247] [288 247] [289 247] [290 247] [291 247] [292 247] 
[293 246] [294 245] [295 244] [296 243] [297 242] [298 241] [299 240] 
[300 239] [301 238] [302 237] [303 236] [304 235] [305 234] [306 233] 
[307 232] [308 231] [309 230] [310 229] [311 228] [312 227] [312 226] 
[313 225] [314 224] [315 223] [315 222] [316 221] [317 220] [318 219] 
[319 218] [319 217] [320 216] [321 215] [322 214] [322 213] [323 212] 
[324 211] [325 210] [326 209] [326 208] [327 207] [328 206] [329 205] 
[329 204] [330 203] [331 202] [332 201] [332 200] [333 199] [334 198] 
[335 197] [336 196] [336 195] [337 194] [338 193] [339 192] [339 191] 
[340 190] [341 189] [342 188] [343 187] [343 186] [344 185] [345 184] 
[346 183] [346 182] [347 181] [348 180] [349 179] [350 178] [350 177] 
[351 176] [352 175] [353 174] [353 173] [354 172] [355 171] [356 170] 
[357 169] [357 168] [357 167] [357 166] [357 165] [357 164] [357 163] 
[357 162] [357 161] [357 160] [357 159] [357 158] [357 157] [357 156] 
[357 155] [357 154] [357 153] [357 152] [357 151] [357 150] [357 149] 
[357 148] [357 147] [357 146] [357 145] [357 144] [357 143] [357 142] 
[357 141] [357 140] [357 139] [357 138] [357 137] [357 136] [357 135] 
[357 134] [357 133] [357 132] [357 131] [357 130] [357 129] [357 128] 
[357 127] [357 126] [357 125] [357 124] [357 123] [357 122] [357 121] 
[357 120] [357 119] [357 118] [357 117] [357 116] [357 115] [357 114] 
[357 113] [357 112] [357 111] [357 110] [357 109] [357 108] [357 107] 
[357 106] [357 105] [357 104] [357 103] [357 102] [357 101] [357 100] 
[357 99] [357 98] [357 97] [357 96] [357 95] [357 94] [357 93] 
[357 92] [357 91] [357 90] [357 89] [357 88] [357 87] [357 87] 

User path


[124 157] [124 157] [124 157] [125 157] [126 156] [127 156] [128 155] 
[128 155] [129 155] [130 155] [131 154] [131 154] [132 154] [133 153] 
[133 153] [134 152] [135 152] [135 152] [136 152] [137 152] [138 152] 
[139 152] [140 158] [140 151] [140 151] [141 151] [142 151] [143 151] 
[144 151] [145 151] [146 151] [147 151] [148 150] [149 150] [149 150] 
[150 150] [151 150] [152 150] [153 150] [154 150] [155 152] [155 149] 
[156 149] [157 149] [158 149] [159 148] [159 148] [160 148] [161 148] 
[162 148] [163 148] [164 147] [165 147] [165 147] [166 147] [167 147] 
[168 147] [169 147] [170 147] [171 147] [172 147] [173 147] [174 147] 
[175 147] [175 149] [176 147] [177 147] [178 147] [179 147] [180 147] 
[181 147] [182 147] [183 147] [184 146] [185 146] [186 146] [187 146] 
[188 146] [189 146] [190 145] [191 145] [192 145] [193 145] [194 145] 
[195 145] [195 150] [196 145] [197 145] [198 145] [199 145] [200 145] 
[201 145] [202 145] [203 145] [204 145] [205 145] [206 145] [207 145] 
[208 145] [209 145] [210 145] [211 146] [212 146] [213 146] [214 146] 
[215 146] [216 147] [217 147] [217 147] [218 148] [214 155] [219 148] 
[220 148] [221 148] [222 149] [223 150] [224 150] [224 150] [225 151] 
[226 151] [227 151] [227 151] [228 152] [229 153] [230 153] [231 154] 
[228 162] [232 154] [233 155] [234 155] [234 155] [235 156] [236 157] 
[237 158] [238 158] [239 158] [240 159] [241 159] [241 160] [242 160] 
[243 160] [244 160] [245 161] [245 162] [246 162] [247 163] [248 163] 
[249 164] [250 165] [251 165] [252 165] [252 166] [253 166] [254 167] 
[254 168] [255 168] [255 169] [255 170] [246 175] [256 170] [257 170] 
[257 171] [257 172] [258 173] [259 174] [260 175] [261 176] [262 177] 
[262 178] [262 178] [263 179] [264 179] [264 180] [264 181] [265 182] 
[266 182] [267 183] [267 184] [267 185] [258 189] [268 185] [269 185] 
[269 186] [269 187] [270 187] [271 187] [271 188] [271 189] [272 190] 
[273 190] [273 191] [274 192] [275 193] [275 194] [275 195] [276 195] 
[276 196] [276 197] [277 198] [277 199] [277 200] [278 200] [278 201] 
[278 202] [278 203] [278 204] [278 205] [266 205] [278 206] [278 207] 
[278 208] [278 209] [279 210] [279 211] [272 219] [280 212] [281 213] 
[282 214] [283 215] [283 216] [284 216] [284 217] [284 218] [285 219] 
[286 220] [286 221] [286 222] [286 223] [286 223] [287 224] [287 225] 
[287 226] [287 226] [288 227] [288 228] [288 228] [289 229] [289 230] 
[289 231] [289 232] [289 233] [289 234] [289 235] [289 236] [289 237] 
[289 238] [289 239] [286 239] [289 240] [289 241] [289 242] [289 243] 
[289 244] [289 245] [289 246] [289 247] [289 248] [289 249] [289 250] 
[289 251] [289 252] [289 253] [289 254] [289 255] [289 256] [289 257] 
[289 258] [289 259] [289 260] [289 261] [289 262] [289 263] [289 264] 
[288 265] [288 265] [287 266] [287 267] [286 268] [286 268] [285 269] 
[284 270] [284 271] [284 271] [283 272] [283 272] [282 273] [281 274] 
[273 270] [281 275] [280 276] [280 277] [279 278] [279 278] [278 279] 
[277 280] [276 280] [276 281] [276 282] [275 283] [274 284] [274 284] 
[273 285] [272 286] [271 287] [271 287] [270 288] [270 289] [270 289] 
[269 290] [268 290] [265 288] [268 291] [268 291] [268 292] [268 293] 
[267 294] [266 295] [266 295] [266 296] [265 297] [265 298] [265 298] 
[265 299] [264 300] [263 301] [263 301] [263 302] [262 303] [261 303] 
[261 304] [260 305] [259 305] [257 302] [259 306] [258 307] [257 307] 
[256 308] [256 308] [255 309] [254 310] [253 310] [252 311] [252 311] 
[251 312] [250 313] [249 313] [248 313] [247 314] [246 314] [245 314] 
[244 315] [243 315] [242 316] [242 316] [241 316] [241 316] [240 316] 
[240 317] [239 318] [238 319] [237 320] [236 320] [236 320] [235 321] 
[234 322] [233 323] [232 324] [231 324] [230 325] [229 325] [228 325] 
[227 326] [226 326] [226 326] [226 327] [225 327] [225 328] [224 327] 
[223 328] [222 328] [221 328] [218 329] [218 330] [217 330] [217 330] 
[216 330] [215 331] [214 331] [213 331] [212 331] [211 332] [210 332] 
[209 332] [205 334] [203 334] [203 334] [202 334] [200 335] [202 337] 
[200 335] [199 335] [199 335] [198 335] [196 336] [196 336] [195 336] 
[195 336] [194 336] [192 337] [192 337] [191 337] [191 337] [190 337] 
[189 338] [188 338] [187 338] [186 338] [185 338] [185 338] [184 338] 
[184 339] [163 345] [163 339] [127 351] [46 361] [24 364] [11 365] 
[3 365] [3 367] [3 367] [3 367] [3 366] [3 363] [3 359] 
[27 347] [91 320] [304 242] [360 176] [360 176] [360 174] [360 151] 
[360 68] [357 87] [360 47] [360 42] [360 42] [360 66] [281 126] 
[202 186] [188 212] [186 210] [181 206] [163 188] [146 171] [142 168] 
[138 166] [138 165] [136 163] [135 162] [134 162] [134 161] [132 160] 
[131 160] [131 159] [130 159] [128 159] [126 159] [125 159] 

		Begin Printing Seed information

Seed point: 124 157 	Path 0 22 	User path 0 22 0

Seed point: 140 158 	Path 23 44 	User path 22 40 22

Seed point: 155 152 	Path 45 68 	User path 40 64 40

Seed point: 175 149 	Path 69 90 	User path 64 85 64

Seed point: 195 150 	Path 91 115 	User path 85 110 85

Seed point: 214 155 	Path 116 137 	User path 110 126 110

Seed point: 228 162 	Path 138 169 	User path 126 158 126

Seed point: 246 175 	Path 170 196 	User path 158 179 158

Seed point: 258 189 	Path 197 221 	User path 179 207 179

Seed point: 266 205 	Path 222 242 	User path 207 214 207

Seed point: 272 219 	Path 243 266 	User path 214 247 214

Seed point: 286 239 	Path 267 300 	User path 247 287 247

Seed point: 273 270 	Path 301 327 	User path 287 310 287

Seed point: 265 288 	Path 328 350 	User path 310 332 310

Seed point: 257 302 	Path 351 380 	User path 332 353 332

Seed point: 242 316 	Path 381 410 	User path 353 376 353

Seed point: 225 328 	Path 411 443 	User path 376 398 376

Seed point: 202 337 	Path 444 466 	User path 398 420 398

Seed point: 184 339 	Path 467 490 	User path 420 422 420

Seed point: 163 339 	Path 491 1090 	User path 422 442 422

Seed point: 357 87 	Path 1091 1418 	User path 442 468 442

Seed point: 125 159 	Path 1419 1419 	User path 468 468 468

---------------------

Print path: 



[124 157] [124 158] [125 159] [126 160] [127 161] [128 162] [129 163] 
[130 163] [131 163] [131 162] [132 162] [132 161] [133 161] [134 161] 
[134 160] [135 160] [136 160] [136 159] [137 159] [138 159] [139 159] 
[139 158] [140 158] [140 158] [141 158] [141 157] [142 157] [143 157] 
[143 156] [144 156] [145 156] [146 156] [146 155] [147 155] [148 155] 
[148 154] [149 154] [150 154] [151 154] [151 153] [152 153] [153 153] 
[154 153] [155 153] [155 152] [155 152] [156 152] [157 152] [158 152] 
[159 152] [159 151] [160 151] [161 151] [162 151] [163 151] [164 151] 
[164 150] [165 150] [166 150] [167 150] [168 150] [169 150] [170 150] 
[171 150] [172 150] [173 150] [173 149] [174 149] [175 149] [175 149] 
[176 149] [177 149] [178 149] [179 149] [180 149] [181 149] [182 149] 
[183 149] [184 149] [185 149] [186 149] [187 149] [188 149] [189 149] 
[189 150] [190 150] [191 150] [192 150] [193 150] [194 150] [195 150] 
[195 150] [195 151] [196 151] [197 151] [198 151] [199 151] [200 151] 
[200 152] [201 152] [202 152] [203 152] [204 152] [204 153] [205 153] 
[206 153] [207 153] [207 154] [208 154] [209 154] [210 154] [210 155] 
[211 155] [212 155] [213 155] [214 155] [214 155] [214 156] [215 156] 
[216 156] [216 157] [217 157] [218 157] [219 157] [219 158] [220 158] 
[221 158] [221 159] [222 159] [223 159] [223 160] [224 160] [225 160] 
[225 161] [226 161] [227 161] [227 162] [228 162] [228 162] [228 163] 
[229 163] [230 163] [230 164] [231 164] [231 165] [232 165] [233 165] 
[233 166] [234 166] [234 167] [235 167] [236 167] [236 168] [237 168] 
[237 169] [238 169] [238 170] [239 170] [240 170] [240 171] [241 171] 
[241 172] [242 172] [242 173] [243 173] [243 174] [244 174] [244 175] 
[245 175] [246 175] [246 175] [246 176] [247 176] [247 177] [247 178] 
[248 178] [248 179] [249 179] [249 180] [250 180] [250 181] [251 181] 
[251 182] [252 182] [252 183] [253 183] [253 184] [253 185] [254 185] 
[254 186] [255 186] [255 187] [256 187] [256 188] [257 188] [257 189] 
[258 189] [258 189] [258 190] [258 191] [259 191] [259 192] [260 192] 
[260 193] [261 193] [261 194] [261 195] [262 195] [262 196] [262 197] 
[263 197] [263 198] [263 199] [263 200] [264 200] [264 201] [264 202] 
[265 202] [265 203] [265 204] [266 204] [266 205] [266 205] [266 206] 
[267 206] [267 207] [267 208] [268 208] [268 209] [268 210] [268 211] 
[269 211] [269 212] [269 213] [269 214] [270 214] [270 215] [270 216] 
[271 216] [271 217] [271 218] [271 219] [272 219] [272 219] [272 220] 
[272 221] [272 222] [273 222] [273 223] [273 224] [273 225] [274 225] 
[274 226] [274 227] [274 228] [275 228] [276 229] [277 230] [278 231] 
[279 232] [280 233] [281 234] [282 235] [283 236] [284 237] [285 238] 
[286 239] [286 239] [286 240] [286 241] [286 242] [286 243] [286 244] 
[286 245] [286 246] [286 247] [286 248] [286 249] [286 250] [285 251] 
[284 252] [283 253] [282 254] [281 255] [280 256] [279 257] [278 258] 
[277 259] [276 260] [275 261] [274 261] [274 262] [274 263] [274 264] 
[274 265] [274 266] [274 267] [274 268] [273 268] [273 269] [273 270] 
[273 270] [273 271] [272 271] [272 272] [272 273] [271 273] [271 274] 
[271 275] [271 276] [270 276] [270 277] [269 277] [269 278] [269 279] 
[268 279] [268 280] [268 281] [268 282] [267 282] [267 283] [267 284] 
[266 284] [266 285] [266 286] [265 286] [265 287] [265 288] [265 288] 
[264 288] [264 289] [264 290] [263 290] [263 291] [263 292] [262 292] 
[262 293] [262 294] [261 294] [261 295] [261 296] [260 296] [260 297] 
[260 298] [259 298] [259 299] [259 300] [258 300] [258 301] [257 301] 
[257 302] [257 302] [256 302] [256 303] [255 303] [255 304] [254 304] 
[254 305] [253 305] [253 306] [252 306] [252 307] [252 308] [251 308] 
[250 308] [250 309] [249 309] [249 310] [249 311] [248 311] [248 312] 
[247 312] [247 313] [246 313] [246 314] [245 314] [245 315] [244 315] 
[243 315] [243 316] [242 316] [242 316] [242 317] [241 317] [241 318] 
[240 318] [240 319] [239 319] [239 320] [238 320] [238 321] [237 321] 
[236 321] [236 322] [235 322] [235 323] [234 323] [233 323] [233 324] 
[232 324] [232 325] [231 325] [230 325] [230 326] [229 326] [229 327] 
[228 327] [227 327] [227 328] [226 328] [225 328] [225 328] [225 329] 
[224 329] [223 329] [223 330] [222 330] [221 330] [221 331] [220 331] 
[219 331] [219 332] [218 332] [217 332] [217 333] [216 333] [215 333] 
[214 333] [214 334] [213 334] [212 334] [212 335] [211 335] [210 335] 
[209 335] [209 336] [208 336] [207 336] [206 336] [206 337] [205 337] 
[204 337] [203 337] [202 337] [202 337] [202 338] [201 338] [200 338] 
[199 338] [198 338] [198 339] [197 339] [196 339] [195 339] [194 339] 
[193 339] [192 339] [192 340] [191 340] [190 340] [189 340] [188 340] 
[187 340] [186 340] [185 340] [184 340] [184 339] [184 339] [184 340] 
[183 340] [182 340] [181 340] [180 340] [179 340] [178 340] [177 340] 
[176 340] [175 340] [174 340] [173 340] [172 340] [171 340] [170 340] 
[169 340] [168 340] [168 339] [167 339] [166 339] [165 339] [164 339] 
[163 339] [163 339] [163 338] [162 338] [161 338] [160 338] [159 338] 
[158 338] [157 338] [157 337] [156 337] [155 337] [154 337] [153 337] 
[153 336] [152 336] [151 336] [150 336] [149 336] [149 335] [148 335] 
[147 335] [146 335] [145 336] [144 337] [143 338] [142 339] [141 340] 
[140 341] [139 342] [138 343] [137 344] [136 345] [135 345] [134 345] 
[133 346] [132 346] [131 346] [130 347] [129 347] [128 347] [127 348] 
[126 348] [125 348] [124 348] [123 348] [122 348] [121 348] [120 348] 
[119 349] [118 349] [117 349] [116 349] [115 349] [114 349] [113 349] 
[112 349] [111 350] [110 350] [109 350] [108 350] [107 350] [106 350] 
[105 350] [104 350] [103 351] [102 351] [101 351] [100 351] [99 351] 
[98 351] [97 351] [96 351] [95 351] [94 352] [93 352] [92 352] 
[91 352] [90 352] [89 352] [88 352] [87 352] [86 353] [85 353] 
[84 353] [83 353] [82 353] [81 353] [80 353] [79 353] [78 354] 
[77 354] [76 354] [75 354] [74 354] [73 354] [72 354] [71 354] 
[70 354] [69 354] [68 354] [67 354] [66 354] [65 354] [64 354] 
[63 354] [62 354] [61 354] [60 354] [59 354] [58 354] [57 354] 
[56 354] [55 354] [54 354] [53 354] [52 354] [51 353] [50 352] 
[49 351] [48 350] [47 349] [48 348] [49 347] [50 346] [51 345] 
[52 344] [53 343] [54 342] [55 341] [56 340] [57 339] [58 338] 
[59 337] [60 337] [61 336] [62 336] [63 335] [64 335] [65 335] 
[66 334] [67 334] [68 333] [69 333] [70 333] [71 332] [72 332] 
[73 331] [74 331] [75 331] [76 330] [77 330] [78 329] [79 329] 
[80 329] [81 328] [82 328] [83 327] [84 327] [85 327] [86 326] 
[87 326] [88 325] [89 325] [90 325] [91 324] [92 324] [93 323] 
[94 323] [95 322] [96 321] [97 320] [98 319] [99 318] [100 317] 
[101 316] [102 315] [103 314] [104 313] [105 312] [106 311] [107 310] 
[108 309] [109 309] [109 310] [110 310] [110 311] [111 311] [111 312] 
[112 312] [112 313] [113 313] [113 314] [114 314] [114 315] [115 315] 
[115 316] [116 316] [117 316] [117 317] [118 317] [118 318] [119 318] 
[119 319] [120 319] [121 319] [121 318] [121 317] [121 316] [121 315] 
[120 315] [120 314] [120 313] [120 312] [120 311] [119 311] [119 310] 
[119 309] [119 308] [119 307] [120 307] [121 307] [122 307] [123 307] 
[124 307] [125 307] [126 307] [127 307] [128 307] [129 307] [130 307] 
[131 307] [132 307] [133 307] [134 307] [135 307] [136 307] [137 306] 
[138 306] [139 306] [140 305] [141 305] [142 305] [143 305] [144 305] 
[144 304] [144 303] [144 302] [144 301] [145 301] [146 301] [147 301] 
[148 301] [149 301] [150 301] [151 301] [152 301] [153 301] [154 301] 
[155 301] [156 301] [156 300] [156 299] [156 298] [156 297] [156 296] 
[156 295] [156 294] [157 294] [158 294] [159 294] [160 294] [161 294] 
[162 294] [163 294] [164 294] [165 294] [166 294] [167 294] [168 294] 
[169 294] [170 294] [171 294] [172 294] [173 294] [174 294] [175 294] 
[176 294] [177 294] [178 294] [179 294] [180 294] [181 294] [182 294] 
[182 293] [182 292] [182 291] [182 290] [182 289] [182 288] [182 287] 
[182 286] [182 285] [183 285] [184 285] [185 285] [186 285] [187 285] 
[188 285] [189 285] [190 285] [191 285] [192 285] [193 285] [194 285] 
[195 285] [196 285] [197 285] [198 285] [198 284] [198 283] [198 282] 
[198 281] [198 280] [198 279] [198 278] [198 277] [198 276] [198 275] 
[199 275] [200 275] [201 275] [202 275] [203 275] [204 275] [205 275] 
[206 275] [207 275] [208 275] [209 275] [210 275] [211 275] [212 275] 
[213 275] [214 275] [215 274] [216 273] [217 273] [218 273] [218 272] 
[219 272] [220 272] [221 272] [222 272] [223 272] [224 272] [225 272] 
[226 272] [227 272] [228 271] [229 270] [230 269] [231 268] [232 267] 
[233 266] [234 265] [235 264] [236 263] [237 263] [237 264] [238 264] 
[238 265] [239 265] [239 266] [240 266] [240 267] [241 267] [242 267] 
[243 267] [244 267] [245 267] [246 267] [247 266] [248 266] [249 266] 
[250 265] [251 265] [252 265] [253 264] [254 264] [255 264] [256 263] 
[257 263] [258 262] [259 262] [260 262] [261 261] [262 261] [263 261] 
[264 260] [265 260] [266 260] [267 260] [268 260] [269 260] [270 260] 
[271 260] [272 260] [273 260] [274 260] [274 259] [274 258] [274 257] 
[274 256] [274 255] [275 255] [275 254] [275 253] [275 252] [275 251] 
[275 250] [275 249] [275 248] [275 247] [276 247] [277 247] [278 247] 
[279 247] [280 247] [281 247] [282 247] [283 247] [284 247] [285 247] 
[286 247] [287 247] [288 247] [289 247] [290 247] [291 247] [292 247] 
[293 246] [294 245] [295 244] [296 243] [297 242] [298 241] [299 240] 
[300 239] [301 238] [302 237] [303 236] [304 235] [305 234] [306 233] 
[307 232] [308 231] [309 230] [310 229] [311 228] [312 227] [312 226] 
[313 225] [314 224] [315 223] [315 222] [316 221] [317 220] [318 219] 
[319 218] [319 217] [320 216] [321 215] [322 214] [322 213] [323 212] 
[324 211] [325 210] [326 209] [326 208] [327 207] [328 206] [329 205] 
[329 204] [330 203] [331 202] [332 201] [332 200] [333 199] [334 198] 
[335 197] [336 196] [336 195] [337 194] [338 193] [339 192] [339 191] 
[340 190] [341 189] [342 188] [343 187] [343 186] [344 185] [345 184] 
[346 183] [346 182] [347 181] [348 180] [349 179] [350 178] [350 177] 
[351 176] [352 175] [353 174] [353 173] [354 172] [355 171] [356 170] 
[357 169] [357 168] [357 167] [357 166] [357 165] [357 164] [357 163] 
[357 162] [357 161] [357 160] [357 159] [357 158] [357 157] [357 156] 
[357 155] [357 154] [357 153] [357 152] [357 151] [357 150] [357 149] 
[357 148] [357 147] [357 146] [357 145] [357 144] [357 143] [357 142] 
[357 141] [357 140] [357 139] [357 138] [357 137] [357 136] [357 135] 
[357 134] [357 133] [357 132] [357 131] [357 130] [357 129] [357 128] 
[357 127] [357 126] [357 125] [357 124] [357 123] [357 122] [357 121] 
[357 120] [357 119] [357 118] [357 117] [357 116] [357 115] [357 114] 
[357 113] [357 112] [357 111] [357 110] [357 109] [357 108] [357 107] 
[357 106] [357 105] [357 104] [357 103] [357 102] [357 101] [357 100] 
[357 99] [357 98] [357 97] [357 96] [357 95] [357 94] [357 93] 
[357 92] [357 91] [357 90] [357 89] [357 88] [357 87] [357 87] 
[356 86] [355 85] [354 84] [353 83] [352 82] [351 81] [350 81] 
[349 81] [348 81] [347 81] [346 81] [345 81] [344 81] [343 81] 
[342 81] [341 81] [340 81] [339 81] [338 81] [337 81] [336 81] 
[335 81] [334 81] [333 81] [332 81] [331 81] [330 82] [329 82] 
[328 83] [327 84] [326 85] [325 86] [324 87] [323 87] [322 88] 
[321 89] [320 90] [319 91] [318 92] [317 93] [316 93] [315 94] 
[314 95] [313 96] [312 97] [311 98] [310 98] [309 99] [308 100] 
[307 101] [306 102] [305 103] [304 103] [303 104] [302 105] [301 106] 
[300 107] [299 108] [298 108] [297 109] [296 110] [295 111] [294 112] 
[293 113] [292 113] [291 114] [290 115] [289 116] [288 117] [287 117] 
[286 118] [285 119] [284 120] [283 120] [282 121] [281 122] [280 123] 
[279 123] [278 124] [277 125] [276 126] [275 127] [274 127] [273 128] 
[272 129] [271 130] [270 130] [269 131] [268 132] [267 133] [266 134] 
[265 135] [264 136] [263 137] [262 138] [261 139] [260 140] [259 141] 
[258 142] [257 143] [256 144] [255 145] [254 146] [253 147] [252 148] 
[251 149] [250 150] [249 151] [248 152] [247 153] [246 154] [245 155] 
[244 156] [243 157] [242 158] [241 159] [240 160] [239 161] [238 162] 
[237 163] [236 164] [235 165] [234 166] [233 166] [233 165] [232 165] 
[231 165] [231 164] [230 164] [230 163] [229 163] [228 163] [228 162] 
[227 162] [227 161] [226 161] [225 161] [224 161] [223 162] [222 163] 
[221 164] [220 165] [219 166] [218 167] [217 168] [216 168] [215 168] 
[214 168] [213 168] [213 169] [213 170] [213 171] [213 172] [213 173] 
[213 174] [212 174] [211 174] [210 174] [209 174] [208 174] [207 174] 
[206 174] [205 174] [205 175] [205 176] [205 177] [205 178] [205 179] 
[205 180] [205 181] [205 182] [205 183] [205 184] [204 184] [204 185] 
[204 186] [204 187] [204 188] [204 189] [204 190] [204 191] [203 191] 
[203 192] [203 193] [202 193] [202 194] [202 195] [201 195] [201 196] 
[201 197] [201 198] [200 198] [200 199] [200 200] [199 200] [199 201] 
[199 202] [198 202] [198 203] [198 204] [198 205] [197 205] [196 205] 
[195 205] [194 205] [193 205] [192 205] [191 205] [190 205] [189 205] 
[188 205] [187 205] [186 205] [185 205] [184 205] [184 204] [184 203] 
[184 202] [184 201] [184 200] [183 200] [182 200] [181 200] [180 200] 
[179 200] [178 200] [177 200] [176 200] [175 200] [174 200] [173 200] 
[172 200] [171 199] [170 198] [169 197] [168 196] [167 195] [166 194] 
[165 193] [164 192] [163 192] [162 192] [161 192] [160 192] [159 192] 
[158 192] [158 191] [158 190] [158 189] [158 188] [158 187] [158 186] 
[159 186] [159 185] [159 184] [159 183] [159 182] [159 181] [159 180] 
[159 179] [159 178] [158 177] [157 177] [156 177] [155 177] [154 177] 
[153 177] [152 177] [151 177] [150 177] [149 177] [148 177] [147 177] 
[146 177] [145 177] [145 176] [145 175] [145 174] [145 173] [145 172] 
[145 171] [145 170] [145 169] [146 169] [146 168] [146 167] [146 166] 
[146 165] [146 164] [146 163] [146 162] [146 161] [146 160] [147 160] 
[147 159] [147 158] [147 157] [147 156] [146 156] [145 156] [144 156] 
[143 156] [143 157] [142 157] [141 157] [141 158] [140 158] [139 158] 
[139 159] [138 159] [137 159] [136 159] [136 160] [135 160] [134 160] 
[134 161] [133 161] [132 161] [132 162] [131 162] [131 163] [130 163] 
[129 163] [128 162] [127 161] [126 160] [125 159] [125 159] 

